This is pdfTeX, Version 3.141592653-2.6-1.40.24 (TeX Live 2022) (preloaded format=pdflatex 2023.3.5)  5 MAR 2023 16:35
entering extended mode
 restricted \write18 enabled.
 %&-line parsing enabled.
**paper.tex
(./paper.tex
LaTeX2e <2022-11-01> patch level 1
L3 programming layer <2023-02-22> (./elsarticle.cls
Document Class: elsarticle 2020/11/20, 3.3: Elsevier Ltd
(c:/Users/tmf77/AppData/Roaming/TinyTeX/texmf-dist/tex/latex/l3kernel/expl3.sty
Package: expl3 2023-02-22 L3 programming layer (loader) 
(c:/Users/tmf77/AppData/Roaming/TinyTeX/texmf-dist/tex/latex/l3backend/l3backend-pdftex.def
File: l3backend-pdftex.def 2023-01-16 L3 backend support: PDF output (pdfTeX)
\l__color_backend_stack_int=\count185
\l__pdf_internal_box=\box51
)) (c:/Users/tmf77/AppData/Roaming/TinyTeX/texmf-dist/tex/latex/l3packages/xparse/xparse.sty
Package: xparse 2023-02-02 L3 Experimental document command parser
) (c:/Users/tmf77/AppData/Roaming/TinyTeX/texmf-dist/tex/latex/etoolbox/etoolbox.sty
Package: etoolbox 2020/10/05 v2.5k e-TeX tools for LaTeX (JAW)
\etb@tempcnta=\count186
)
\@bls=\dimen140
(c:/Users/tmf77/AppData/Roaming/TinyTeX/texmf-dist/tex/latex/base/article.cls
Document Class: article 2022/07/02 v1.4n Standard LaTeX document class
(c:/Users/tmf77/AppData/Roaming/TinyTeX/texmf-dist/tex/latex/base/size10.clo
File: size10.clo 2022/07/02 v1.4n Standard LaTeX file (size option)
)
\c@part=\count187
\c@section=\count188
\c@subsection=\count189
\c@subsubsection=\count190
\c@paragraph=\count191
\c@subparagraph=\count192
\c@figure=\count193
\c@table=\count194
\abovecaptionskip=\skip48
\belowcaptionskip=\skip49
\bibindent=\dimen141
) (c:/Users/tmf77/AppData/Roaming/TinyTeX/texmf-dist/tex/latex/graphics/graphicx.sty
Package: graphicx 2021/09/16 v1.2d Enhanced LaTeX Graphics (DPC,SPQR)
(c:/Users/tmf77/AppData/Roaming/TinyTeX/texmf-dist/tex/latex/graphics/keyval.sty
Package: keyval 2022/05/29 v1.15 key=value parser (DPC)
\KV@toks@=\toks16
) (c:/Users/tmf77/AppData/Roaming/TinyTeX/texmf-dist/tex/latex/graphics/graphics.sty
Package: graphics 2022/03/10 v1.4e Standard LaTeX Graphics (DPC,SPQR)
(c:/Users/tmf77/AppData/Roaming/TinyTeX/texmf-dist/tex/latex/graphics/trig.sty
Package: trig 2021/08/11 v1.11 sin cos tan (DPC)
) (c:/Users/tmf77/AppData/Roaming/TinyTeX/texmf-dist/tex/latex/graphics-cfg/graphics.cfg
File: graphics.cfg 2016/06/04 v1.11 sample graphics configuration
)
Package graphics Info: Driver file: pdftex.def on input line 107.
(c:/Users/tmf77/AppData/Roaming/TinyTeX/texmf-dist/tex/latex/graphics-def/pdftex.def
File: pdftex.def 2022/09/22 v1.2b Graphics/color driver for pdftex
))
\Gin@req@height=\dimen142
\Gin@req@width=\dimen143
)
\c@tnote=\count195
\c@fnote=\count196
\c@cnote=\count197
\c@ead=\count198
\c@author=\count199
\@eadauthor=\toks17
\c@affn=\count266
\absbox=\box52
\elsarticlehighlightsbox=\box53
\elsarticlegrabsbox=\box54
\keybox=\box55
\Columnwidth=\dimen144
\space@left=\dimen145
\els@boxa=\box56
\els@boxb=\box57
\leftMargin=\dimen146
\@enLab=\toks18
\@sep=\skip50
\@@sep=\skip51
(./paper.spl) (c:/Users/tmf77/AppData/Roaming/TinyTeX/texmf-dist/tex/latex/natbib/natbib.sty
Package: natbib 2010/09/13 8.31b (PWD, AO)
\bibhang=\skip52
\bibsep=\skip53
LaTeX Info: Redefining \cite on input line 694.
\c@NAT@ctr=\count267
)
\splwrite=\write3
\openout3 = `paper.spl'.

(c:/Users/tmf77/AppData/Roaming/TinyTeX/texmf-dist/tex/latex/geometry/geometry.sty
Package: geometry 2020/01/02 v5.9 Page Geometry
(c:/Users/tmf77/AppData/Roaming/TinyTeX/texmf-dist/tex/generic/iftex/ifvtex.sty
Package: ifvtex 2019/10/25 v1.7 ifvtex legacy package. Use iftex instead.
(c:/Users/tmf77/AppData/Roaming/TinyTeX/texmf-dist/tex/generic/iftex/iftex.sty
Package: iftex 2022/02/03 v1.0f TeX engine tests
))
\Gm@cnth=\count268
\Gm@cntv=\count269
\c@Gm@tempcnt=\count270
\Gm@bindingoffset=\dimen147
\Gm@wd@mp=\dimen148
\Gm@odd@mp=\dimen149
\Gm@even@mp=\dimen150
\Gm@layoutwidth=\dimen151
\Gm@layoutheight=\dimen152
\Gm@layouthoffset=\dimen153
\Gm@layoutvoffset=\dimen154
\Gm@dimlist=\toks19
)
\appnamewidth=\dimen155
) (c:/Users/tmf77/AppData/Roaming/TinyTeX/texmf-dist/tex/latex/url/url.sty
\Urlmuskip=\muskip16
Package: url 2013/09/16  ver 3.4  Verb mode for urls, etc.
) (c:/Users/tmf77/AppData/Roaming/TinyTeX/texmf-dist/tex/latex/lineno/lineno.sty
Package: lineno 2023/01/19 line numbers on paragraphs v5.1
\linenopenalty=\count271
\output=\toks20
\linenoprevgraf=\count272
\linenumbersep=\dimen156
\linenumberwidth=\dimen157
\c@linenumber=\count273
\c@pagewiselinenumber=\count274
\c@LN@truepage=\count275
\c@internallinenumber=\count276
\c@internallinenumbers=\count277
\quotelinenumbersep=\dimen158
\bframerule=\dimen159
\bframesep=\dimen160
\bframebox=\box58
LaTeX Info: Redefining \\ on input line 3131.
) (c:/Users/tmf77/AppData/Roaming/TinyTeX/texmf-dist/tex/latex/base/fontenc.sty
Package: fontenc 2021/04/29 v2.0v Standard LaTeX package
) (c:/Users/tmf77/AppData/Roaming/TinyTeX/texmf-dist/tex/latex/lm/lmodern.sty
Package: lmodern 2015/05/01 v1.6.1 Latin Modern Fonts
LaTeX Font Info:    Overwriting symbol font `operators' in version `normal'
(Font)                  OT1/cmr/m/n --> OT1/lmr/m/n on input line 22.
LaTeX Font Info:    Overwriting symbol font `letters' in version `normal'
(Font)                  OML/cmm/m/it --> OML/lmm/m/it on input line 23.
LaTeX Font Info:    Overwriting symbol font `symbols' in version `normal'
(Font)                  OMS/cmsy/m/n --> OMS/lmsy/m/n on input line 24.
LaTeX Font Info:    Overwriting symbol font `largesymbols' in version `normal'
(Font)                  OMX/cmex/m/n --> OMX/lmex/m/n on input line 25.
LaTeX Font Info:    Overwriting symbol font `operators' in version `bold'
(Font)                  OT1/cmr/bx/n --> OT1/lmr/bx/n on input line 26.
LaTeX Font Info:    Overwriting symbol font `letters' in version `bold'
(Font)                  OML/cmm/b/it --> OML/lmm/b/it on input line 27.
LaTeX Font Info:    Overwriting symbol font `symbols' in version `bold'
(Font)                  OMS/cmsy/b/n --> OMS/lmsy/b/n on input line 28.
LaTeX Font Info:    Overwriting symbol font `largesymbols' in version `bold'
(Font)                  OMX/cmex/m/n --> OMX/lmex/m/n on input line 29.
LaTeX Font Info:    Overwriting math alphabet `\mathbf' in version `normal'
(Font)                  OT1/cmr/bx/n --> OT1/lmr/bx/n on input line 31.
LaTeX Font Info:    Overwriting math alphabet `\mathsf' in version `normal'
(Font)                  OT1/cmss/m/n --> OT1/lmss/m/n on input line 32.
LaTeX Font Info:    Overwriting math alphabet `\mathit' in version `normal'
(Font)                  OT1/cmr/m/it --> OT1/lmr/m/it on input line 33.
LaTeX Font Info:    Overwriting math alphabet `\mathtt' in version `normal'
(Font)                  OT1/cmtt/m/n --> OT1/lmtt/m/n on input line 34.
LaTeX Font Info:    Overwriting math alphabet `\mathbf' in version `bold'
(Font)                  OT1/cmr/bx/n --> OT1/lmr/bx/n on input line 35.
LaTeX Font Info:    Overwriting math alphabet `\mathsf' in version `bold'
(Font)                  OT1/cmss/bx/n --> OT1/lmss/bx/n on input line 36.
LaTeX Font Info:    Overwriting math alphabet `\mathit' in version `bold'
(Font)                  OT1/cmr/bx/it --> OT1/lmr/bx/it on input line 37.
LaTeX Font Info:    Overwriting math alphabet `\mathtt' in version `bold'
(Font)                  OT1/cmtt/m/n --> OT1/lmtt/m/n on input line 38.
) (c:/Users/tmf77/AppData/Roaming/TinyTeX/texmf-dist/tex/latex/amsfonts/amssymb.sty
Package: amssymb 2013/01/14 v3.01 AMS font symbols
(c:/Users/tmf77/AppData/Roaming/TinyTeX/texmf-dist/tex/latex/amsfonts/amsfonts.sty
Package: amsfonts 2013/01/14 v3.01 Basic AMSFonts support
\@emptytoks=\toks21
\symAMSa=\mathgroup4
\symAMSb=\mathgroup5
LaTeX Font Info:    Redeclaring math symbol \hbar on input line 98.
LaTeX Font Info:    Overwriting math alphabet `\mathfrak' in version `bold'
(Font)                  U/euf/m/n --> U/euf/b/n on input line 106.
)) (c:/Users/tmf77/AppData/Roaming/TinyTeX/texmf-dist/tex/latex/amsmath/amsmath.sty
Package: amsmath 2022/04/08 v2.17n AMS math features
\@mathmargin=\skip54
For additional information on amsmath, use the `?' option.
(c:/Users/tmf77/AppData/Roaming/TinyTeX/texmf-dist/tex/latex/amsmath/amstext.sty
Package: amstext 2021/08/26 v2.01 AMS text
(c:/Users/tmf77/AppData/Roaming/TinyTeX/texmf-dist/tex/latex/amsmath/amsgen.sty
File: amsgen.sty 1999/11/30 v2.0 generic functions
\@emptytoks=\toks22
\ex@=\dimen161
)) (c:/Users/tmf77/AppData/Roaming/TinyTeX/texmf-dist/tex/latex/amsmath/amsbsy.sty
Package: amsbsy 1999/11/29 v1.2d Bold Symbols
\pmbraise@=\dimen162
) (c:/Users/tmf77/AppData/Roaming/TinyTeX/texmf-dist/tex/latex/amsmath/amsopn.sty
Package: amsopn 2022/04/08 v2.04 operator names
)
\inf@bad=\count278
LaTeX Info: Redefining \frac on input line 234.
\uproot@=\count279
\leftroot@=\count280
LaTeX Info: Redefining \overline on input line 399.
LaTeX Info: Redefining \colon on input line 410.
\classnum@=\count281
\DOTSCASE@=\count282
LaTeX Info: Redefining \ldots on input line 496.
LaTeX Info: Redefining \dots on input line 499.
LaTeX Info: Redefining \cdots on input line 620.
\Mathstrutbox@=\box59
\strutbox@=\box60
LaTeX Info: Redefining \big on input line 722.
LaTeX Info: Redefining \Big on input line 723.
LaTeX Info: Redefining \bigg on input line 724.
LaTeX Info: Redefining \Bigg on input line 725.
\big@size=\dimen163
LaTeX Font Info:    Redeclaring font encoding OML on input line 743.
LaTeX Font Info:    Redeclaring font encoding OMS on input line 744.
\macc@depth=\count283
LaTeX Info: Redefining \bmod on input line 905.
LaTeX Info: Redefining \pmod on input line 910.
LaTeX Info: Redefining \smash on input line 940.
LaTeX Info: Redefining \relbar on input line 970.
LaTeX Info: Redefining \Relbar on input line 971.
\c@MaxMatrixCols=\count284
\dotsspace@=\muskip17
\c@parentequation=\count285
\dspbrk@lvl=\count286
\tag@help=\toks23
\row@=\count287
\column@=\count288
\maxfields@=\count289
\andhelp@=\toks24
\eqnshift@=\dimen164
\alignsep@=\dimen165
\tagshift@=\dimen166
\tagwidth@=\dimen167
\totwidth@=\dimen168
\lineht@=\dimen169
\@envbody=\toks25
\multlinegap=\skip55
\multlinetaggap=\skip56
\mathdisplay@stack=\toks26
LaTeX Info: Redefining \[ on input line 2953.
LaTeX Info: Redefining \] on input line 2954.
)
\linenoamsmath@ams@eqpen=\count290
(c:/Users/tmf77/AppData/Roaming/TinyTeX/texmf-dist/tex/generic/iftex/ifxetex.sty
Package: ifxetex 2019/10/25 v0.7 ifxetex legacy package. Use iftex instead.
) (c:/Users/tmf77/AppData/Roaming/TinyTeX/texmf-dist/tex/generic/iftex/ifluatex.sty
Package: ifluatex 2019/10/25 v1.5 ifluatex legacy package. Use iftex instead.
) (c:/Users/tmf77/AppData/Roaming/TinyTeX/texmf-dist/tex/latex/base/fixltx2e.sty
Package: fixltx2e 2016/12/29 v2.1a fixes to LaTeX (obsolete)
Applying: [2015/01/01] Old fixltx2e package on input line 46.

Package fixltx2e Warning: fixltx2e is not required with releases after 2015
(fixltx2e)                All fixes are now in the LaTeX kernel.
(fixltx2e)                See the latexrelease package for details.

Already applied: [0000/00/00] Old fixltx2e package on input line 53.
) (c:/Users/tmf77/AppData/Roaming/TinyTeX/texmf-dist/tex/latex/base/inputenc.sty
Package: inputenc 2021/02/14 v1.3d Input encoding file
\inpenc@prehook=\toks27
\inpenc@posthook=\toks28
) (c:/Users/tmf77/AppData/Roaming/TinyTeX/texmf-dist/tex/latex/hyperref/hyperref.sty
Package: hyperref 2023-02-07 v7.00v Hypertext links for LaTeX
(c:/Users/tmf77/AppData/Roaming/TinyTeX/texmf-dist/tex/generic/ltxcmds/ltxcmds.sty
Package: ltxcmds 2020-05-10 v1.25 LaTeX kernel commands for general use (HO)
) (c:/Users/tmf77/AppData/Roaming/TinyTeX/texmf-dist/tex/generic/pdftexcmds/pdftexcmds.sty
Package: pdftexcmds 2020-06-27 v0.33 Utility functions of pdfTeX for LuaTeX (HO)
(c:/Users/tmf77/AppData/Roaming/TinyTeX/texmf-dist/tex/generic/infwarerr/infwarerr.sty
Package: infwarerr 2019/12/03 v1.5 Providing info/warning/error messages (HO)
)
Package pdftexcmds Info: \pdf@primitive is available.
Package pdftexcmds Info: \pdf@ifprimitive is available.
Package pdftexcmds Info: \pdfdraftmode found.
) (c:/Users/tmf77/AppData/Roaming/TinyTeX/texmf-dist/tex/latex/kvsetkeys/kvsetkeys.sty
Package: kvsetkeys 2022-10-05 v1.19 Key value parser (HO)
) (c:/Users/tmf77/AppData/Roaming/TinyTeX/texmf-dist/tex/generic/kvdefinekeys/kvdefinekeys.sty
Package: kvdefinekeys 2019-12-19 v1.6 Define keys (HO)
) (c:/Users/tmf77/AppData/Roaming/TinyTeX/texmf-dist/tex/generic/pdfescape/pdfescape.sty
Package: pdfescape 2019/12/09 v1.15 Implements pdfTeX's escape features (HO)
) (c:/Users/tmf77/AppData/Roaming/TinyTeX/texmf-dist/tex/latex/hycolor/hycolor.sty
Package: hycolor 2020-01-27 v1.10 Color options for hyperref/bookmark (HO)
) (c:/Users/tmf77/AppData/Roaming/TinyTeX/texmf-dist/tex/latex/letltxmacro/letltxmacro.sty
Package: letltxmacro 2019/12/03 v1.6 Let assignment for LaTeX macros (HO)
) (c:/Users/tmf77/AppData/Roaming/TinyTeX/texmf-dist/tex/latex/auxhook/auxhook.sty
Package: auxhook 2019-12-17 v1.6 Hooks for auxiliary files (HO)
) (c:/Users/tmf77/AppData/Roaming/TinyTeX/texmf-dist/tex/latex/hyperref/nameref.sty
Package: nameref 2022-05-17 v2.50 Cross-referencing by name of section
(c:/Users/tmf77/AppData/Roaming/TinyTeX/texmf-dist/tex/latex/refcount/refcount.sty
Package: refcount 2019/12/15 v3.6 Data extraction from label references (HO)
) (c:/Users/tmf77/AppData/Roaming/TinyTeX/texmf-dist/tex/generic/gettitlestring/gettitlestring.sty
Package: gettitlestring 2019/12/15 v1.6 Cleanup title references (HO)
(c:/Users/tmf77/AppData/Roaming/TinyTeX/texmf-dist/tex/latex/kvoptions/kvoptions.sty
Package: kvoptions 2022-06-15 v3.15 Key value format for package options (HO)
))
\c@section@level=\count291
)
\@linkdim=\dimen170
\Hy@linkcounter=\count292
\Hy@pagecounter=\count293
(c:/Users/tmf77/AppData/Roaming/TinyTeX/texmf-dist/tex/latex/hyperref/pd1enc.def
File: pd1enc.def 2023-02-07 v7.00v Hyperref: PDFDocEncoding definition (HO)
Now handling font encoding PD1 ...
... no UTF-8 mapping file for font encoding PD1
) (c:/Users/tmf77/AppData/Roaming/TinyTeX/texmf-dist/tex/generic/intcalc/intcalc.sty
Package: intcalc 2019/12/15 v1.3 Expandable calculations with integers (HO)
) (c:/Users/tmf77/AppData/Roaming/TinyTeX/texmf-dist/tex/generic/etexcmds/etexcmds.sty
Package: etexcmds 2019/12/15 v1.7 Avoid name clashes with e-TeX commands (HO)
)
\Hy@SavedSpaceFactor=\count294
(c:/Users/tmf77/AppData/Roaming/TinyTeX/texmf-dist/tex/latex/hyperref/puenc.def
File: puenc.def 2023-02-07 v7.00v Hyperref: PDF Unicode definition (HO)
Now handling font encoding PU ...
... no UTF-8 mapping file for font encoding PU
)
Package hyperref Info: Option `unicode' set `true' on input line 4060.
Package hyperref Info: Hyper figures OFF on input line 4177.
Package hyperref Info: Link nesting OFF on input line 4182.
Package hyperref Info: Hyper index ON on input line 4185.
Package hyperref Info: Plain pages OFF on input line 4192.
Package hyperref Info: Backreferencing OFF on input line 4197.
Package hyperref Info: Implicit mode ON; LaTeX internals redefined.
Package hyperref Info: Bookmarks ON on input line 4425.
\c@Hy@tempcnt=\count295
LaTeX Info: Redefining \url on input line 4763.
\XeTeXLinkMargin=\dimen171
(c:/Users/tmf77/AppData/Roaming/TinyTeX/texmf-dist/tex/generic/bitset/bitset.sty
Package: bitset 2019/12/09 v1.3 Handle bit-vector datatype (HO)
(c:/Users/tmf77/AppData/Roaming/TinyTeX/texmf-dist/tex/generic/bigintcalc/bigintcalc.sty
Package: bigintcalc 2019/12/15 v1.5 Expandable calculations on big integers (HO)
))
\Fld@menulength=\count296
\Field@Width=\dimen172
\Fld@charsize=\dimen173
Package hyperref Info: Hyper figures OFF on input line 6042.
Package hyperref Info: Link nesting OFF on input line 6047.
Package hyperref Info: Hyper index ON on input line 6050.
Package hyperref Info: backreferencing OFF on input line 6057.
Package hyperref Info: Link coloring OFF on input line 6062.
Package hyperref Info: Link coloring with OCG OFF on input line 6067.
Package hyperref Info: PDF/A mode OFF on input line 6072.
(c:/Users/tmf77/AppData/Roaming/TinyTeX/texmf-dist/tex/latex/base/atbegshi-ltx.sty
Package: atbegshi-ltx 2021/01/10 v1.0c Emulation of the original atbegshi
package with kernel methods
)
\Hy@abspage=\count297
\c@Item=\count298
\c@Hfootnote=\count299
)
Package hyperref Info: Driver (autodetected): hpdftex.
(c:/Users/tmf77/AppData/Roaming/TinyTeX/texmf-dist/tex/latex/hyperref/hpdftex.def
File: hpdftex.def 2023-02-07 v7.00v Hyperref driver for pdfTeX
(c:/Users/tmf77/AppData/Roaming/TinyTeX/texmf-dist/tex/latex/base/atveryend-ltx.sty
Package: atveryend-ltx 2020/08/19 v1.0a Emulation of the original atveryend package
with kernel methods
)
\Fld@listcount=\count300
\c@bookmark@seq@number=\count301
(c:/Users/tmf77/AppData/Roaming/TinyTeX/texmf-dist/tex/latex/rerunfilecheck/rerunfilecheck.sty
Package: rerunfilecheck 2022-07-10 v1.10 Rerun checks for auxiliary files (HO)
(c:/Users/tmf77/AppData/Roaming/TinyTeX/texmf-dist/tex/generic/uniquecounter/uniquecounter.sty
Package: uniquecounter 2019/12/15 v1.4 Provide unlimited unique counter (HO)
)
Package uniquecounter Info: New unique counter `rerunfilecheck' on input line 285.
)
\Hy@SectionHShift=\skip57
)
Package hyperref Info: Option `breaklinks' set `true' on input line 52.

Package hyperref Warning: Option `bookmarks' has already been used,
(hyperref)                setting the option has no effect on input line 52.

Package hyperref Info: Option `colorlinks' set `true' on input line 52.
\cslhangindent=\skip58
\csllabelwidth=\skip59
\cslentryspacingunit=\skip60
(c:/Users/tmf77/AppData/Roaming/TinyTeX/texmf-dist/tex/latex/tools/calc.sty
Package: calc 2017/05/25 v4.3 Infix arithmetic (KKT,FJ)
\calc@Acount=\count302
\calc@Bcount=\count303
\calc@Adimen=\dimen174
\calc@Bdimen=\dimen175
\calc@Askip=\skip61
\calc@Bskip=\skip62
LaTeX Info: Redefining \setlength on input line 80.
LaTeX Info: Redefining \addtolength on input line 81.
\calc@Ccount=\count304
\calc@Cskip=\skip63
) (c:/Users/tmf77/AppData/Roaming/TinyTeX/texmf-dist/tex/latex/caption/caption.sty
Package: caption 2022/03/01 v3.6b Customizing captions (AR)
(c:/Users/tmf77/AppData/Roaming/TinyTeX/texmf-dist/tex/latex/caption/caption3.sty
Package: caption3 2022/03/17 v2.3b caption3 kernel (AR)
\caption@tempdima=\dimen176
\captionmargin=\dimen177
\caption@leftmargin=\dimen178
\caption@rightmargin=\dimen179
\caption@width=\dimen180
\caption@indent=\dimen181
\caption@parindent=\dimen182
\caption@hangindent=\dimen183
Package caption Info: elsarticle document class detected.
(c:/Users/tmf77/AppData/Roaming/TinyTeX/texmf-dist/tex/latex/caption/caption-elsarticle.sto
File: caption-elsarticle.sto 2020/08/22 v2.0 Adaption of the caption package to the elsarticle document class (AR)
))
\c@caption@flags=\count305
\c@continuedfloat=\count306
Package caption Info: hyperref package is loaded.
) (c:/Users/tmf77/AppData/Roaming/TinyTeX/texmf-dist/tex/latex/setspace/setspace.sty
Package: setspace 2022/12/04 v6.7b set line spacing
) (c:/Users/tmf77/AppData/Roaming/TinyTeX/texmf-dist/tex/latex/graphics/lscape.sty
Package: lscape 2020/05/28 v3.02 Landscape Pages (DPC)
) (c:/Users/tmf77/AppData/Roaming/TinyTeX/texmf-dist/tex/latex/colortbl/colortbl.sty
Package: colortbl 2022/06/20 v1.0f Color table columns (DPC)
(c:/Users/tmf77/AppData/Roaming/TinyTeX/texmf-dist/tex/latex/tools/array.sty
Package: array 2022/09/04 v2.5g Tabular extension package (FMi)
\col@sep=\dimen184
\ar@mcellbox=\box61
\extrarowheight=\dimen185
\NC@list=\toks29
\extratabsurround=\skip64
\backup@length=\skip65
\ar@cellbox=\box62
) (c:/Users/tmf77/AppData/Roaming/TinyTeX/texmf-dist/tex/latex/graphics/color.sty
Package: color 2022/01/06 v1.3d Standard LaTeX Color (DPC)
(c:/Users/tmf77/AppData/Roaming/TinyTeX/texmf-dist/tex/latex/graphics-cfg/color.cfg
File: color.cfg 2016/01/02 v1.6 sample color configuration
)
Package color Info: Driver file: pdftex.def on input line 149.
(c:/Users/tmf77/AppData/Roaming/TinyTeX/texmf-dist/tex/latex/graphics/mathcolor.ltx))
\everycr=\toks30
\minrowclearance=\skip66
\rownum=\count307
) (c:/Users/tmf77/AppData/Roaming/TinyTeX/texmf-dist/tex/latex/xcolor/xcolor.sty
Package: xcolor 2022/06/12 v2.14 LaTeX color extensions (UK)
(c:/Users/tmf77/AppData/Roaming/TinyTeX/texmf-dist/tex/latex/graphics-cfg/color.cfg
File: color.cfg 2016/01/02 v1.6 sample color configuration
)
Package xcolor Info: Driver file: pdftex.def on input line 227.
LaTeX Info: Redefining \color on input line 711.
(c:/Users/tmf77/AppData/Roaming/TinyTeX/texmf-dist/tex/latex/graphics/mathcolor.ltx)
Package xcolor Info: Model `cmy' substituted by `cmy0' on input line 1353.
Package xcolor Info: Model `hsb' substituted by `rgb' on input line 1357.
Package xcolor Info: Model `RGB' extended on input line 1369.
Package xcolor Info: Model `HTML' substituted by `rgb' on input line 1371.
Package xcolor Info: Model `Hsb' substituted by `hsb' on input line 1372.
Package xcolor Info: Model `tHsb' substituted by `hsb' on input line 1373.
Package xcolor Info: Model `HSB' substituted by `hsb' on input line 1374.
Package xcolor Info: Model `Gray' substituted by `gray' on input line 1375.
Package xcolor Info: Model `wave' substituted by `hsb' on input line 1376.
) (c:/Users/tmf77/AppData/Roaming/TinyTeX/texmf-dist/tex/latex/makecell/makecell.sty
Package: makecell 2009/08/03 V0.1e Managing of Tab Column Heads and Cells
\rotheadsize=\dimen186
\c@nlinenum=\count308
\TeXr@lab=\toks31
) (c:/Users/tmf77/AppData/Roaming/TinyTeX/texmf-dist/tex/latex/booktabs/booktabs.sty
Package: booktabs 2020/01/12 v1.61803398 Publication quality tables
\heavyrulewidth=\dimen187
\lightrulewidth=\dimen188
\cmidrulewidth=\dimen189
\belowrulesep=\dimen190
\belowbottomsep=\dimen191
\aboverulesep=\dimen192
\abovetopsep=\dimen193
\cmidrulesep=\dimen194
\cmidrulekern=\dimen195
\defaultaddspace=\dimen196
\@cmidla=\count309
\@cmidlb=\count310
\@aboverulesep=\dimen197
\@belowrulesep=\dimen198
\@thisruleclass=\count311
\@lastruleclass=\count312
\@thisrulewidth=\dimen199
) (c:/Users/tmf77/AppData/Roaming/TinyTeX/texmf-dist/tex/latex/tools/longtable.sty
Package: longtable 2021-09-01 v4.17 Multi-page Table package (DPC)
\LTleft=\skip67
\LTright=\skip68
\LTpre=\skip69
\LTpost=\skip70
\LTchunksize=\count313
\LTcapwidth=\dimen256
\LT@head=\box63
\LT@firsthead=\box64
\LT@foot=\box65
\LT@lastfoot=\box66
\LT@gbox=\box67
\LT@cols=\count314
\LT@rows=\count315
\c@LT@tables=\count316
\c@LT@chunks=\count317
\LT@p@ftn=\toks32
) (c:/Users/tmf77/AppData/Roaming/TinyTeX/texmf-dist/tex/latex/multirow/multirow.sty
Package: multirow 2021/03/15 v2.8 Span multiple rows of a table
\multirow@colwidth=\skip71
\multirow@cntb=\count318
\multirow@dima=\skip72
\bigstrutjot=\dimen257
) (c:/Users/tmf77/AppData/Roaming/TinyTeX/texmf-dist/tex/latex/wrapfig/wrapfig.sty
\wrapoverhang=\dimen258
\WF@size=\dimen259
\c@WF@wrappedlines=\count319
\WF@box=\box68
\WF@everypar=\toks33
Package: wrapfig 2003/01/31  v 3.6
) (c:/Users/tmf77/AppData/Roaming/TinyTeX/texmf-dist/tex/latex/float/float.sty
Package: float 2001/11/08 v1.3d Float enhancements (AL)
\c@float@type=\count320
\float@exts=\toks34
\float@box=\box69
\@float@everytoks=\toks35
\@floatcapt=\box70
) (c:/Users/tmf77/AppData/Roaming/TinyTeX/texmf-dist/tex/latex/pdflscape/pdflscape.sty
Package: pdflscape 2022-10-27 v0.13 Display of landscape pages in PDF
(c:/Users/tmf77/AppData/Roaming/TinyTeX/texmf-dist/tex/latex/pdflscape/pdflscape-nometadata.sty
Package: pdflscape-nometadata 2022-10-28 v0.13 Display of landscape pages in PDF (HO)
Package pdflscape Info: Auto-detected driver: pdftex on input line 81.
)) (c:/Users/tmf77/AppData/Roaming/TinyTeX/texmf-dist/tex/latex/tabu/tabu.sty
Package: tabu 2019/01/11 v2.9 - flexible LaTeX tabulars (FC+tabu-fixed)
(c:/Users/tmf77/AppData/Roaming/TinyTeX/texmf-dist/tex/latex/varwidth/varwidth.sty
Package: varwidth 2009/03/30 ver 0.92;  Variable-width minipages
\@vwid@box=\box71
\sift@deathcycles=\count321
\@vwid@loff=\dimen260
\@vwid@roff=\dimen261
)
\c@taburow=\count322
\tabu@nbcols=\count323
\tabu@cnt=\count324
\tabu@Xcol=\count325
\tabu@alloc=\count326
\tabu@nested=\count327
\tabu@target=\dimen262
\tabu@spreadtarget=\dimen263
\tabu@naturalX=\dimen264
\tabucolX=\dimen265
\tabu@Xsum=\dimen266
\extrarowdepth=\dimen267
\abovetabulinesep=\dimen268
\belowtabulinesep=\dimen269
\tabustrutrule=\dimen270
\tabu@thebody=\toks36
\tabu@footnotes=\toks37
\tabu@box=\box72
\tabu@arstrutbox=\box73
\tabu@hleads=\box74
\tabu@vleads=\box75
\tabu@cellskip=\skip73
) (c:/Users/tmf77/AppData/Roaming/TinyTeX/texmf-dist/tex/latex/threeparttable/threeparttable.sty
Package: threeparttable 2003/06/13  v 3.0
\@tempboxb=\box76
) (c:/Users/tmf77/AppData/Roaming/TinyTeX/texmf-dist/tex/latex/threeparttablex/threeparttablex.sty
Package: threeparttablex 2013/07/23 v0.3 by daleif
(c:/Users/tmf77/AppData/Roaming/TinyTeX/texmf-dist/tex/latex/environ/environ.sty
Package: environ 2014/05/04 v0.3 A new way to define environments
(c:/Users/tmf77/AppData/Roaming/TinyTeX/texmf-dist/tex/latex/trimspaces/trimspaces.sty
Package: trimspaces 2009/09/17 v1.1 Trim spaces around a token list
))
\TPTL@width=\skip74
) (c:/Users/tmf77/AppData/Roaming/TinyTeX/texmf-dist/tex/generic/ulem/ulem.sty
\UL@box=\box77
\UL@hyphenbox=\box78
\UL@skip=\skip75
\UL@hook=\toks38
\UL@height=\dimen271
\UL@pe=\count328
\UL@pixel=\dimen272
\ULC@box=\box79
Package: ulem 2019/11/18
\ULdepth=\dimen273
)
LaTeX Font Info:    Trying to load font information for T1+lmr on input line 119.
(c:/Users/tmf77/AppData/Roaming/TinyTeX/texmf-dist/tex/latex/lm/t1lmr.fd
File: t1lmr.fd 2015/05/01 v1.6.1 Font defs for Latin Modern
) (./paper.aux

LaTeX Warning: Label `tab:regimeclass' multiply defined.


LaTeX Warning: Label `fig:bands' multiply defined.

)
\openout1 = `paper.aux'.

LaTeX Font Info:    Checking defaults for OML/cmm/m/it on input line 119.
LaTeX Font Info:    ... okay on input line 119.
LaTeX Font Info:    Checking defaults for OMS/cmsy/m/n on input line 119.
LaTeX Font Info:    ... okay on input line 119.
LaTeX Font Info:    Checking defaults for OT1/cmr/m/n on input line 119.
LaTeX Font Info:    ... okay on input line 119.
LaTeX Font Info:    Checking defaults for T1/cmr/m/n on input line 119.
LaTeX Font Info:    ... okay on input line 119.
LaTeX Font Info:    Checking defaults for TS1/cmr/m/n on input line 119.
LaTeX Font Info:    ... okay on input line 119.
LaTeX Font Info:    Checking defaults for OMX/cmex/m/n on input line 119.
LaTeX Font Info:    ... okay on input line 119.
LaTeX Font Info:    Checking defaults for U/cmr/m/n on input line 119.
LaTeX Font Info:    ... okay on input line 119.
LaTeX Font Info:    Checking defaults for PD1/pdf/m/n on input line 119.
LaTeX Font Info:    ... okay on input line 119.
LaTeX Font Info:    Checking defaults for PU/pdf/m/n on input line 119.
LaTeX Font Info:    ... okay on input line 119.
(c:/Users/tmf77/AppData/Roaming/TinyTeX/texmf-dist/tex/latex/epstopdf-pkg/epstopdf-base.sty
Package: epstopdf-base 2020-01-24 v2.11 Base part for package epstopdf
(c:/Users/tmf77/AppData/Roaming/TinyTeX/texmf-dist/tex/latex/grfext/grfext.sty
Package: grfext 2019/12/03 v1.3 Manage graphics extensions (HO)
)
Package epstopdf-base Info: Redefining graphics rule for `.eps' on input line 485.
Package grfext Info: Graphics extension search list:
(grfext)             [.pdf,.png,.jpg,.mps,.jpeg,.jbig2,.jb2,.PDF,.PNG,.JPG,.JPEG,.JBIG2,.JB2,.eps]
(grfext)             \AppendGraphicsExtensions on input line 504.
(c:/Users/tmf77/AppData/Roaming/TinyTeX/texmf-dist/tex/latex/latexconfig/epstopdf-sys.cfg
File: epstopdf-sys.cfg 2010/07/13 v1.3 Configuration of (r)epstopdf for TeX Live
))
*geometry* driver: auto-detecting
*geometry* detected driver: pdftex
*geometry* verbose mode - [ preamble ] result:
* driver: pdftex
* paper: custom
* layout: <same size as paper>
* layoutoffset:(h,v)=(0.0pt,0.0pt)
* hratio: 1:1
* vratio: 1:1
* modes: 
* h-part:(L,W,R)=(64.75394pt, 468.0pt, 64.75394pt)
* v-part:(T,H,B)=(111.52342pt, 622.0pt, 111.52342pt)
* \paperwidth=597.50787pt
* \paperheight=845.04684pt
* \textwidth=468.0pt
* \textheight=622.0pt
* \oddsidemargin=-7.51605pt
* \evensidemargin=-7.51605pt
* \topmargin=-22.74657pt
* \headheight=50.0pt
* \headsep=12.0pt
* \topskip=10.0pt
* \footskip=18.0pt
* \marginparwidth=65.0pt
* \marginparsep=11.0pt
* \columnsep=24.0pt
* \skip\footins=24.0pt plus 2.0pt minus 12.0pt
* \hoffset=0.0pt
* \voffset=0.0pt
* \mag=1000
* \@twocolumnfalse
* \@twosidefalse
* \@mparswitchfalse
* \@reversemarginfalse
* (1in=72.27pt=25.4mm, 1cm=28.453pt)

Package hyperref Info: Link coloring ON on input line 119.
(./paper.out) (./paper.out)
\@outlinefile=\write4
\openout4 = `paper.out'.

Package caption Info: Begin \AtBeginDocument code.
Package caption Info: float package is loaded.
Package caption Info: longtable package is loaded.
(c:/Users/tmf77/AppData/Roaming/TinyTeX/texmf-dist/tex/latex/caption/ltcaption.sty
Package: ltcaption 2021/01/08 v1.4c longtable captions (AR)
)
Package caption Info: threeparttable package is loaded.
Package caption Info: wrapfig package is loaded.
Package caption Info: End \AtBeginDocument code.
LaTeX Font Info:    Trying to load font information for T1+lmss on input line 145.
(c:/Users/tmf77/AppData/Roaming/TinyTeX/texmf-dist/tex/latex/lm/t1lmss.fd
File: t1lmss.fd 2015/05/01 v1.6.1 Font defs for Latin Modern
)
LaTeX Font Info:    Trying to load font information for OT1+lmr on input line 145.
(c:/Users/tmf77/AppData/Roaming/TinyTeX/texmf-dist/tex/latex/lm/ot1lmr.fd
File: ot1lmr.fd 2015/05/01 v1.6.1 Font defs for Latin Modern
)
LaTeX Font Info:    Trying to load font information for OML+lmm on input line 145.
(c:/Users/tmf77/AppData/Roaming/TinyTeX/texmf-dist/tex/latex/lm/omllmm.fd
File: omllmm.fd 2015/05/01 v1.6.1 Font defs for Latin Modern
)
LaTeX Font Info:    Trying to load font information for OMS+lmsy on input line 145.
(c:/Users/tmf77/AppData/Roaming/TinyTeX/texmf-dist/tex/latex/lm/omslmsy.fd
File: omslmsy.fd 2015/05/01 v1.6.1 Font defs for Latin Modern
)
LaTeX Font Info:    Trying to load font information for OMX+lmex on input line 145.
(c:/Users/tmf77/AppData/Roaming/TinyTeX/texmf-dist/tex/latex/lm/omxlmex.fd
File: omxlmex.fd 2015/05/01 v1.6.1 Font defs for Latin Modern
)
LaTeX Font Info:    External font `lmex10' loaded for size
(Font)              <10> on input line 145.
LaTeX Font Info:    External font `lmex10' loaded for size
(Font)              <7> on input line 145.
LaTeX Font Info:    External font `lmex10' loaded for size
(Font)              <5> on input line 145.
LaTeX Font Info:    Trying to load font information for U+msa on input line 145.
(c:/Users/tmf77/AppData/Roaming/TinyTeX/texmf-dist/tex/latex/amsfonts/umsa.fd
File: umsa.fd 2013/01/14 v3.01 AMS symbols A
)
LaTeX Font Info:    Trying to load font information for U+msb on input line 145.
(c:/Users/tmf77/AppData/Roaming/TinyTeX/texmf-dist/tex/latex/amsfonts/umsb.fd
File: umsb.fd 2013/01/14 v3.01 AMS symbols B
)
LaTeX Font Info:    External font `lmex10' loaded for size
(Font)              <8> on input line 145.
LaTeX Font Info:    External font `lmex10' loaded for size
(Font)              <6> on input line 145.
LaTeX Font Info:    Trying to load font information for T1+lmtt on input line 145.
(c:/Users/tmf77/AppData/Roaming/TinyTeX/texmf-dist/tex/latex/lm/t1lmtt.fd
File: t1lmtt.fd 2015/05/01 v1.6.1 Font defs for Latin Modern
)
Overfull \hbox (2.22221pt too wide) has occurred while \output is active
[] 
 []


Package hyperref Warning: Token not allowed in a PDF string (Unicode):
(hyperref)                removing `\<def>-command' on input line 188.


Package hyperref Warning: Token not allowed in a PDF string (Unicode):
(hyperref)                removing `\cnotenum' on input line 188.


Package hyperref Warning: Token not allowed in a PDF string (Unicode):
(hyperref)                removing `\<def>-command' on input line 188.


Package hyperref Warning: Token not allowed in a PDF string (Unicode):
(hyperref)                removing `\@corref' on input line 188.


Package hyperref Warning: Token not allowed in a PDF string (Unicode):
(hyperref)                removing `\<let>-command' on input line 188.


Package hyperref Warning: Token not allowed in a PDF string (Unicode):
(hyperref)                removing `\comma' on input line 188.


Package hyperref Warning: Token not allowed in a PDF string (Unicode):
(hyperref)                removing `\<def>-command' on input line 188.


Package hyperref Warning: Token not allowed in a PDF string (Unicode):
(hyperref)                removing `\@fnmark' on input line 188.

[1

{c:/Users/tmf77/AppData/Roaming/TinyTeX/texmf-var/fonts/map/pdftex/updmap/pdftex.map}] [2] [3]
LaTeX Font Info:    Trying to load font information for TS1+lmr on input line 302.
(c:/Users/tmf77/AppData/Roaming/TinyTeX/texmf-dist/tex/latex/lm/ts1lmr.fd
File: ts1lmr.fd 2015/05/01 v1.6.1 Font defs for Latin Modern
) [4] [5]
Overfull \hbox (7.67793pt too wide) in paragraph at lines 436--436
[]\T1/lmr/m/n/10 Developmental|  
 []

[6] [7


] [8] [9] [10] [11] [12]
LaTeX Font Info:    External font `lmex10' loaded for size
(Font)              <9> on input line 835.

Overfull \hbox (9.95625pt too wide) in paragraph at lines 837--837
[]|\T1/lmr/m/n/9 Developmental|  
 []

[13]
<viz/bands.png, id=764, 578.16pt x 433.62pt>
File: viz/bands.png Graphic file (type png)
<use viz/bands.png>
Package pdftex.def Info: viz/bands.png  used on input line 886.
(pdftex.def)             Requested size: 468.0pt x 350.9987pt.
[14] [15 <./viz/bands.png (PNG copy)>]
<viz/percent_area.png, id=782, 505.89pt x 289.08pt>
File: viz/percent_area.png Graphic file (type png)
<use viz/percent_area.png>
Package pdftex.def Info: viz/percent_area.png  used on input line 905.
(pdftex.def)             Requested size: 468.0pt x 267.4345pt.
<viz/map_categories_3.png, id=786, 542.025pt x 361.35pt>
File: viz/map_categories_3.png Graphic file (type png)
<use viz/map_categories_3.png>
Package pdftex.def Info: viz/map_categories_3.png  used on input line 933.
(pdftex.def)             Requested size: 468.0pt x 312.01208pt.
[16 <./viz/percent_area.png (PNG copy)>] [17 <./viz/map_categories_3.png>] [18] [19] [20]

Package natbib Warning: Citation `king_et_al_2001' on page 21 undefined on input line 1140.


Package natbib Warning: Citation `imai_et_al_2008' on page 21 undefined on input line 1140.


Package natbib Warning: Citation `choirat_et_al_2017' on page 21 undefined on input line 1140.

[21] [22]
File: C:/Users/tmf77/OneDrive - Cornell University/Documents/rstudio/urban_regimes/paper_files/figure-latex/pointrange_7b981f7b4050.pdf Graphic file (type pdf)
<use C:/Users/tmf77/OneDrive - Cornell University/Documents/rstudio/urban_regimes/paper_files/figure-latex/pointrange_7b981f7b4050.pdf>
Package pdftex.def Info: C:/Users/tmf77/OneDrive - Cornell University/Documents/rstudio/urban_regimes/paper_files/figure-latex/pointrange_7b981f7b4050.pdf  used on input line 1226.
(pdftex.def)             Requested size: 48.42024pt x 12.2857pt.
File: C:/Users/tmf77/OneDrive - Cornell University/Documents/rstudio/urban_regimes/paper_files/figure-latex/pointrange_7b9838b130df.pdf Graphic file (type pdf)
<use C:/Users/tmf77/OneDrive - Cornell University/Documents/rstudio/urban_regimes/paper_files/figure-latex/pointrange_7b9838b130df.pdf>
Package pdftex.def Info: C:/Users/tmf77/OneDrive - Cornell University/Documents/rstudio/urban_regimes/paper_files/figure-latex/pointrange_7b9838b130df.pdf  used on input line 1226.
(pdftex.def)             Requested size: 48.42024pt x 12.2857pt.
File: C:/Users/tmf77/OneDrive - Cornell University/Documents/rstudio/urban_regimes/paper_files/figure-latex/pointrange_7b984175769c.pdf Graphic file (type pdf)
<use C:/Users/tmf77/OneDrive - Cornell University/Documents/rstudio/urban_regimes/paper_files/figure-latex/pointrange_7b984175769c.pdf>
Package pdftex.def Info: C:/Users/tmf77/OneDrive - Cornell University/Documents/rstudio/urban_regimes/paper_files/figure-latex/pointrange_7b984175769c.pdf  used on input line 1226.
(pdftex.def)             Requested size: 48.42024pt x 12.2857pt.
File: C:/Users/tmf77/OneDrive - Cornell University/Documents/rstudio/urban_regimes/paper_files/figure-latex/pointrange_7b983a0b1aa7.pdf Graphic file (type pdf)
<use C:/Users/tmf77/OneDrive - Cornell University/Documents/rstudio/urban_regimes/paper_files/figure-latex/pointrange_7b983a0b1aa7.pdf>
Package pdftex.def Info: C:/Users/tmf77/OneDrive - Cornell University/Documents/rstudio/urban_regimes/paper_files/figure-latex/pointrange_7b983a0b1aa7.pdf  used on input line 1226.
(pdftex.def)             Requested size: 48.42024pt x 12.2857pt.
File: C:/Users/tmf77/OneDrive - Cornell University/Documents/rstudio/urban_regimes/paper_files/figure-latex/pointrange_7b9824fc64e4.pdf Graphic file (type pdf)
<use C:/Users/tmf77/OneDrive - Cornell University/Documents/rstudio/urban_regimes/paper_files/figure-latex/pointrange_7b9824fc64e4.pdf>
Package pdftex.def Info: C:/Users/tmf77/OneDrive - Cornell University/Documents/rstudio/urban_regimes/paper_files/figure-latex/pointrange_7b9824fc64e4.pdf  used on input line 1226.
(pdftex.def)             Requested size: 48.42024pt x 12.2857pt.
File: C:/Users/tmf77/OneDrive - Cornell University/Documents/rstudio/urban_regimes/paper_files/figure-latex/pointrange_7b9825103ad0.pdf Graphic file (type pdf)
<use C:/Users/tmf77/OneDrive - Cornell University/Documents/rstudio/urban_regimes/paper_files/figure-latex/pointrange_7b9825103ad0.pdf>
Package pdftex.def Info: C:/Users/tmf77/OneDrive - Cornell University/Documents/rstudio/urban_regimes/paper_files/figure-latex/pointrange_7b9825103ad0.pdf  used on input line 1226.
(pdftex.def)             Requested size: 48.42024pt x 12.2857pt.
File: C:/Users/tmf77/OneDrive - Cornell University/Documents/rstudio/urban_regimes/paper_files/figure-latex/pointrange_7b98457ab20.pdf Graphic file (type pdf)
<use C:/Users/tmf77/OneDrive - Cornell University/Documents/rstudio/urban_regimes/paper_files/figure-latex/pointrange_7b98457ab20.pdf>
Package pdftex.def Info: C:/Users/tmf77/OneDrive - Cornell University/Documents/rstudio/urban_regimes/paper_files/figure-latex/pointrange_7b98457ab20.pdf  used on input line 1226.
(pdftex.def)             Requested size: 48.42024pt x 12.2857pt.
File: C:/Users/tmf77/OneDrive - Cornell University/Documents/rstudio/urban_regimes/paper_files/figure-latex/pointrange_7b98b2e50fa.pdf Graphic file (type pdf)
<use C:/Users/tmf77/OneDrive - Cornell University/Documents/rstudio/urban_regimes/paper_files/figure-latex/pointrange_7b98b2e50fa.pdf>
Package pdftex.def Info: C:/Users/tmf77/OneDrive - Cornell University/Documents/rstudio/urban_regimes/paper_files/figure-latex/pointrange_7b98b2e50fa.pdf  used on input line 1226.
(pdftex.def)             Requested size: 48.42024pt x 12.2857pt.
File: C:/Users/tmf77/OneDrive - Cornell University/Documents/rstudio/urban_regimes/paper_files/figure-latex/pointrange_7b9841c4df2.pdf Graphic file (type pdf)
<use C:/Users/tmf77/OneDrive - Cornell University/Documents/rstudio/urban_regimes/paper_files/figure-latex/pointrange_7b9841c4df2.pdf>
Package pdftex.def Info: C:/Users/tmf77/OneDrive - Cornell University/Documents/rstudio/urban_regimes/paper_files/figure-latex/pointrange_7b9841c4df2.pdf  used on input line 1226.
(pdftex.def)             Requested size: 48.42024pt x 12.2857pt.
File: C:/Users/tmf77/OneDrive - Cornell University/Documents/rstudio/urban_regimes/paper_files/figure-latex/pointrange_7b9852bf1343.pdf Graphic file (type pdf)
<use C:/Users/tmf77/OneDrive - Cornell University/Documents/rstudio/urban_regimes/paper_files/figure-latex/pointrange_7b9852bf1343.pdf>
Package pdftex.def Info: C:/Users/tmf77/OneDrive - Cornell University/Documents/rstudio/urban_regimes/paper_files/figure-latex/pointrange_7b9852bf1343.pdf  used on input line 1226.
(pdftex.def)             Requested size: 48.42024pt x 12.2857pt.
File: C:/Users/tmf77/OneDrive - Cornell University/Documents/rstudio/urban_regimes/paper_files/figure-latex/pointrange_7b98de2511b.pdf Graphic file (type pdf)
<use C:/Users/tmf77/OneDrive - Cornell University/Documents/rstudio/urban_regimes/paper_files/figure-latex/pointrange_7b98de2511b.pdf>
Package pdftex.def Info: C:/Users/tmf77/OneDrive - Cornell University/Documents/rstudio/urban_regimes/paper_files/figure-latex/pointrange_7b98de2511b.pdf  used on input line 1226.
(pdftex.def)             Requested size: 48.42024pt x 12.2857pt.
File: C:/Users/tmf77/OneDrive - Cornell University/Documents/rstudio/urban_regimes/paper_files/figure-latex/pointrange_7b984da555d7.pdf Graphic file (type pdf)
<use C:/Users/tmf77/OneDrive - Cornell University/Documents/rstudio/urban_regimes/paper_files/figure-latex/pointrange_7b984da555d7.pdf>
Package pdftex.def Info: C:/Users/tmf77/OneDrive - Cornell University/Documents/rstudio/urban_regimes/paper_files/figure-latex/pointrange_7b984da555d7.pdf  used on input line 1226.
(pdftex.def)             Requested size: 48.42024pt x 12.2857pt.
File: C:/Users/tmf77/OneDrive - Cornell University/Documents/rstudio/urban_regimes/paper_files/figure-latex/pointrange_7b98a711663.pdf Graphic file (type pdf)
<use C:/Users/tmf77/OneDrive - Cornell University/Documents/rstudio/urban_regimes/paper_files/figure-latex/pointrange_7b98a711663.pdf>
Package pdftex.def Info: C:/Users/tmf77/OneDrive - Cornell University/Documents/rstudio/urban_regimes/paper_files/figure-latex/pointrange_7b98a711663.pdf  used on input line 1226.
(pdftex.def)             Requested size: 48.42024pt x 12.2857pt.
File: C:/Users/tmf77/OneDrive - Cornell University/Documents/rstudio/urban_regimes/paper_files/figure-latex/pointrange_7b982e537b64.pdf Graphic file (type pdf)
<use C:/Users/tmf77/OneDrive - Cornell University/Documents/rstudio/urban_regimes/paper_files/figure-latex/pointrange_7b982e537b64.pdf>
Package pdftex.def Info: C:/Users/tmf77/OneDrive - Cornell University/Documents/rstudio/urban_regimes/paper_files/figure-latex/pointrange_7b982e537b64.pdf  used on input line 1226.
(pdftex.def)             Requested size: 48.42024pt x 12.2857pt.
File: C:/Users/tmf77/OneDrive - Cornell University/Documents/rstudio/urban_regimes/paper_files/figure-latex/pointrange_7b9876ab1a07.pdf Graphic file (type pdf)
<use C:/Users/tmf77/OneDrive - Cornell University/Documents/rstudio/urban_regimes/paper_files/figure-latex/pointrange_7b9876ab1a07.pdf>
Package pdftex.def Info: C:/Users/tmf77/OneDrive - Cornell University/Documents/rstudio/urban_regimes/paper_files/figure-latex/pointrange_7b9876ab1a07.pdf  used on input line 1226.
(pdftex.def)             Requested size: 48.42024pt x 12.2857pt.
File: C:/Users/tmf77/OneDrive - Cornell University/Documents/rstudio/urban_regimes/paper_files/figure-latex/pointrange_7b9842372d24.pdf Graphic file (type pdf)
<use C:/Users/tmf77/OneDrive - Cornell University/Documents/rstudio/urban_regimes/paper_files/figure-latex/pointrange_7b9842372d24.pdf>
Package pdftex.def Info: C:/Users/tmf77/OneDrive - Cornell University/Documents/rstudio/urban_regimes/paper_files/figure-latex/pointrange_7b9842372d24.pdf  used on input line 1226.
(pdftex.def)             Requested size: 48.42024pt x 12.2857pt.
File: C:/Users/tmf77/OneDrive - Cornell University/Documents/rstudio/urban_regimes/paper_files/figure-latex/pointrange_7b9853174dd3.pdf Graphic file (type pdf)
<use C:/Users/tmf77/OneDrive - Cornell University/Documents/rstudio/urban_regimes/paper_files/figure-latex/pointrange_7b9853174dd3.pdf>
Package pdftex.def Info: C:/Users/tmf77/OneDrive - Cornell University/Documents/rstudio/urban_regimes/paper_files/figure-latex/pointrange_7b9853174dd3.pdf  used on input line 1226.
(pdftex.def)             Requested size: 48.42024pt x 12.2857pt.
File: C:/Users/tmf77/OneDrive - Cornell University/Documents/rstudio/urban_regimes/paper_files/figure-latex/pointrange_7b98ea84fc0.pdf Graphic file (type pdf)
<use C:/Users/tmf77/OneDrive - Cornell University/Documents/rstudio/urban_regimes/paper_files/figure-latex/pointrange_7b98ea84fc0.pdf>
Package pdftex.def Info: C:/Users/tmf77/OneDrive - Cornell University/Documents/rstudio/urban_regimes/paper_files/figure-latex/pointrange_7b98ea84fc0.pdf  used on input line 1226.
(pdftex.def)             Requested size: 48.42024pt x 12.2857pt.
File: C:/Users/tmf77/OneDrive - Cornell University/Documents/rstudio/urban_regimes/paper_files/figure-latex/pointrange_7b9867f523b.pdf Graphic file (type pdf)
<use C:/Users/tmf77/OneDrive - Cornell University/Documents/rstudio/urban_regimes/paper_files/figure-latex/pointrange_7b9867f523b.pdf>
Package pdftex.def Info: C:/Users/tmf77/OneDrive - Cornell University/Documents/rstudio/urban_regimes/paper_files/figure-latex/pointrange_7b9867f523b.pdf  used on input line 1226.
(pdftex.def)             Requested size: 48.42024pt x 12.2857pt.
File: C:/Users/tmf77/OneDrive - Cornell University/Documents/rstudio/urban_regimes/paper_files/figure-latex/pointrange_7b98270a694f.pdf Graphic file (type pdf)
<use C:/Users/tmf77/OneDrive - Cornell University/Documents/rstudio/urban_regimes/paper_files/figure-latex/pointrange_7b98270a694f.pdf>
Package pdftex.def Info: C:/Users/tmf77/OneDrive - Cornell University/Documents/rstudio/urban_regimes/paper_files/figure-latex/pointrange_7b98270a694f.pdf  used on input line 1226.
(pdftex.def)             Requested size: 48.42024pt x 12.2857pt.
File: C:/Users/tmf77/OneDrive - Cornell University/Documents/rstudio/urban_regimes/paper_files/figure-latex/pointrange_7b98337d273e.pdf Graphic file (type pdf)
<use C:/Users/tmf77/OneDrive - Cornell University/Documents/rstudio/urban_regimes/paper_files/figure-latex/pointrange_7b98337d273e.pdf>
Package pdftex.def Info: C:/Users/tmf77/OneDrive - Cornell University/Documents/rstudio/urban_regimes/paper_files/figure-latex/pointrange_7b98337d273e.pdf  used on input line 1226.
(pdftex.def)             Requested size: 48.42024pt x 12.2857pt.
File: C:/Users/tmf77/OneDrive - Cornell University/Documents/rstudio/urban_regimes/paper_files/figure-latex/pointrange_7b986c734c75.pdf Graphic file (type pdf)
<use C:/Users/tmf77/OneDrive - Cornell University/Documents/rstudio/urban_regimes/paper_files/figure-latex/pointrange_7b986c734c75.pdf>
Package pdftex.def Info: C:/Users/tmf77/OneDrive - Cornell University/Documents/rstudio/urban_regimes/paper_files/figure-latex/pointrange_7b986c734c75.pdf  used on input line 1226.
(pdftex.def)             Requested size: 48.42024pt x 12.2857pt.
File: C:/Users/tmf77/OneDrive - Cornell University/Documents/rstudio/urban_regimes/paper_files/figure-latex/pointrange_7b9864887de8.pdf Graphic file (type pdf)
<use C:/Users/tmf77/OneDrive - Cornell University/Documents/rstudio/urban_regimes/paper_files/figure-latex/pointrange_7b9864887de8.pdf>
Package pdftex.def Info: C:/Users/tmf77/OneDrive - Cornell University/Documents/rstudio/urban_regimes/paper_files/figure-latex/pointrange_7b9864887de8.pdf  used on input line 1226.
(pdftex.def)             Requested size: 48.42024pt x 12.2857pt.
File: C:/Users/tmf77/OneDrive - Cornell University/Documents/rstudio/urban_regimes/paper_files/figure-latex/pointrange_7b98478e3e3a.pdf Graphic file (type pdf)
<use C:/Users/tmf77/OneDrive - Cornell University/Documents/rstudio/urban_regimes/paper_files/figure-latex/pointrange_7b98478e3e3a.pdf>
Package pdftex.def Info: C:/Users/tmf77/OneDrive - Cornell University/Documents/rstudio/urban_regimes/paper_files/figure-latex/pointrange_7b98478e3e3a.pdf  used on input line 1226.
(pdftex.def)             Requested size: 48.42024pt x 12.2857pt.
File: C:/Users/tmf77/OneDrive - Cornell University/Documents/rstudio/urban_regimes/paper_files/figure-latex/pointrange_7b98402879fb.pdf Graphic file (type pdf)
<use C:/Users/tmf77/OneDrive - Cornell University/Documents/rstudio/urban_regimes/paper_files/figure-latex/pointrange_7b98402879fb.pdf>
Package pdftex.def Info: C:/Users/tmf77/OneDrive - Cornell University/Documents/rstudio/urban_regimes/paper_files/figure-latex/pointrange_7b98402879fb.pdf  used on input line 1226.
(pdftex.def)             Requested size: 48.42024pt x 12.2857pt.
File: C:/Users/tmf77/OneDrive - Cornell University/Documents/rstudio/urban_regimes/paper_files/figure-latex/pointrange_7b9860df4c61.pdf Graphic file (type pdf)
<use C:/Users/tmf77/OneDrive - Cornell University/Documents/rstudio/urban_regimes/paper_files/figure-latex/pointrange_7b9860df4c61.pdf>
Package pdftex.def Info: C:/Users/tmf77/OneDrive - Cornell University/Documents/rstudio/urban_regimes/paper_files/figure-latex/pointrange_7b9860df4c61.pdf  used on input line 1226.
(pdftex.def)             Requested size: 48.42024pt x 12.2857pt.
File: C:/Users/tmf77/OneDrive - Cornell University/Documents/rstudio/urban_regimes/paper_files/figure-latex/pointrange_7b984e735bb1.pdf Graphic file (type pdf)
<use C:/Users/tmf77/OneDrive - Cornell University/Documents/rstudio/urban_regimes/paper_files/figure-latex/pointrange_7b984e735bb1.pdf>
Package pdftex.def Info: C:/Users/tmf77/OneDrive - Cornell University/Documents/rstudio/urban_regimes/paper_files/figure-latex/pointrange_7b984e735bb1.pdf  used on input line 1226.
(pdftex.def)             Requested size: 48.42024pt x 12.2857pt.

Overfull \hbox (4.77982pt too wide) in paragraph at lines 1226--1226
[]\T1/lmr/bx/n/9 +0.04***|  
 []

File: C:/Users/tmf77/OneDrive - Cornell University/Documents/rstudio/urban_regimes/paper_files/figure-latex/pointrange_7b98631960d4.pdf Graphic file (type pdf)
<use C:/Users/tmf77/OneDrive - Cornell University/Documents/rstudio/urban_regimes/paper_files/figure-latex/pointrange_7b98631960d4.pdf>
Package pdftex.def Info: C:/Users/tmf77/OneDrive - Cornell University/Documents/rstudio/urban_regimes/paper_files/figure-latex/pointrange_7b98631960d4.pdf  used on input line 1226.
(pdftex.def)             Requested size: 48.42024pt x 12.2857pt.
File: C:/Users/tmf77/OneDrive - Cornell University/Documents/rstudio/urban_regimes/paper_files/figure-latex/pointrange_7b986c0360eb.pdf Graphic file (type pdf)
<use C:/Users/tmf77/OneDrive - Cornell University/Documents/rstudio/urban_regimes/paper_files/figure-latex/pointrange_7b986c0360eb.pdf>
Package pdftex.def Info: C:/Users/tmf77/OneDrive - Cornell University/Documents/rstudio/urban_regimes/paper_files/figure-latex/pointrange_7b986c0360eb.pdf  used on input line 1226.
(pdftex.def)             Requested size: 48.42024pt x 12.2857pt.
File: C:/Users/tmf77/OneDrive - Cornell University/Documents/rstudio/urban_regimes/paper_files/figure-latex/pointrange_7b981f118e6.pdf Graphic file (type pdf)
<use C:/Users/tmf77/OneDrive - Cornell University/Documents/rstudio/urban_regimes/paper_files/figure-latex/pointrange_7b981f118e6.pdf>
Package pdftex.def Info: C:/Users/tmf77/OneDrive - Cornell University/Documents/rstudio/urban_regimes/paper_files/figure-latex/pointrange_7b981f118e6.pdf  used on input line 1226.
(pdftex.def)             Requested size: 48.42024pt x 12.2857pt.
File: C:/Users/tmf77/OneDrive - Cornell University/Documents/rstudio/urban_regimes/paper_files/figure-latex/pointrange_7b986ed528ab.pdf Graphic file (type pdf)
<use C:/Users/tmf77/OneDrive - Cornell University/Documents/rstudio/urban_regimes/paper_files/figure-latex/pointrange_7b986ed528ab.pdf>
Package pdftex.def Info: C:/Users/tmf77/OneDrive - Cornell University/Documents/rstudio/urban_regimes/paper_files/figure-latex/pointrange_7b986ed528ab.pdf  used on input line 1226.
(pdftex.def)             Requested size: 48.42024pt x 12.2857pt.
File: C:/Users/tmf77/OneDrive - Cornell University/Documents/rstudio/urban_regimes/paper_files/figure-latex/pointrange_7b9858846b34.pdf Graphic file (type pdf)
<use C:/Users/tmf77/OneDrive - Cornell University/Documents/rstudio/urban_regimes/paper_files/figure-latex/pointrange_7b9858846b34.pdf>
Package pdftex.def Info: C:/Users/tmf77/OneDrive - Cornell University/Documents/rstudio/urban_regimes/paper_files/figure-latex/pointrange_7b9858846b34.pdf  used on input line 1226.
(pdftex.def)             Requested size: 48.42024pt x 12.2857pt.
File: C:/Users/tmf77/OneDrive - Cornell University/Documents/rstudio/urban_regimes/paper_files/figure-latex/pointrange_7b9833281baa.pdf Graphic file (type pdf)
<use C:/Users/tmf77/OneDrive - Cornell University/Documents/rstudio/urban_regimes/paper_files/figure-latex/pointrange_7b9833281baa.pdf>
Package pdftex.def Info: C:/Users/tmf77/OneDrive - Cornell University/Documents/rstudio/urban_regimes/paper_files/figure-latex/pointrange_7b9833281baa.pdf  used on input line 1226.
(pdftex.def)             Requested size: 48.42024pt x 12.2857pt.
File: C:/Users/tmf77/OneDrive - Cornell University/Documents/rstudio/urban_regimes/paper_files/figure-latex/pointrange_7b986ff461d3.pdf Graphic file (type pdf)
<use C:/Users/tmf77/OneDrive - Cornell University/Documents/rstudio/urban_regimes/paper_files/figure-latex/pointrange_7b986ff461d3.pdf>
Package pdftex.def Info: C:/Users/tmf77/OneDrive - Cornell University/Documents/rstudio/urban_regimes/paper_files/figure-latex/pointrange_7b986ff461d3.pdf  used on input line 1226.
(pdftex.def)             Requested size: 48.42024pt x 12.2857pt.
File: C:/Users/tmf77/OneDrive - Cornell University/Documents/rstudio/urban_regimes/paper_files/figure-latex/pointrange_7b983fbe57a0.pdf Graphic file (type pdf)
<use C:/Users/tmf77/OneDrive - Cornell University/Documents/rstudio/urban_regimes/paper_files/figure-latex/pointrange_7b983fbe57a0.pdf>
Package pdftex.def Info: C:/Users/tmf77/OneDrive - Cornell University/Documents/rstudio/urban_regimes/paper_files/figure-latex/pointrange_7b983fbe57a0.pdf  used on input line 1226.
(pdftex.def)             Requested size: 48.42024pt x 12.2857pt.
File: C:/Users/tmf77/OneDrive - Cornell University/Documents/rstudio/urban_regimes/paper_files/figure-latex/pointrange_7b984c0d45db.pdf Graphic file (type pdf)
<use C:/Users/tmf77/OneDrive - Cornell University/Documents/rstudio/urban_regimes/paper_files/figure-latex/pointrange_7b984c0d45db.pdf>
Package pdftex.def Info: C:/Users/tmf77/OneDrive - Cornell University/Documents/rstudio/urban_regimes/paper_files/figure-latex/pointrange_7b984c0d45db.pdf  used on input line 1226.
(pdftex.def)             Requested size: 48.42024pt x 12.2857pt.
File: C:/Users/tmf77/OneDrive - Cornell University/Documents/rstudio/urban_regimes/paper_files/figure-latex/pointrange_7b984d4f3d88.pdf Graphic file (type pdf)
<use C:/Users/tmf77/OneDrive - Cornell University/Documents/rstudio/urban_regimes/paper_files/figure-latex/pointrange_7b984d4f3d88.pdf>
Package pdftex.def Info: C:/Users/tmf77/OneDrive - Cornell University/Documents/rstudio/urban_regimes/paper_files/figure-latex/pointrange_7b984d4f3d88.pdf  used on input line 1226.
(pdftex.def)             Requested size: 48.42024pt x 12.2857pt.
File: C:/Users/tmf77/OneDrive - Cornell University/Documents/rstudio/urban_regimes/paper_files/figure-latex/pointrange_7b985650dd6.pdf Graphic file (type pdf)
<use C:/Users/tmf77/OneDrive - Cornell University/Documents/rstudio/urban_regimes/paper_files/figure-latex/pointrange_7b985650dd6.pdf>
Package pdftex.def Info: C:/Users/tmf77/OneDrive - Cornell University/Documents/rstudio/urban_regimes/paper_files/figure-latex/pointrange_7b985650dd6.pdf  used on input line 1226.
(pdftex.def)             Requested size: 48.42024pt x 12.2857pt.
File: C:/Users/tmf77/OneDrive - Cornell University/Documents/rstudio/urban_regimes/paper_files/figure-latex/pointrange_7b9851b7e2b.pdf Graphic file (type pdf)
<use C:/Users/tmf77/OneDrive - Cornell University/Documents/rstudio/urban_regimes/paper_files/figure-latex/pointrange_7b9851b7e2b.pdf>
Package pdftex.def Info: C:/Users/tmf77/OneDrive - Cornell University/Documents/rstudio/urban_regimes/paper_files/figure-latex/pointrange_7b9851b7e2b.pdf  used on input line 1226.
(pdftex.def)             Requested size: 48.42024pt x 12.2857pt.
File: C:/Users/tmf77/OneDrive - Cornell University/Documents/rstudio/urban_regimes/paper_files/figure-latex/pointrange_7b982f711b78.pdf Graphic file (type pdf)
<use C:/Users/tmf77/OneDrive - Cornell University/Documents/rstudio/urban_regimes/paper_files/figure-latex/pointrange_7b982f711b78.pdf>
Package pdftex.def Info: C:/Users/tmf77/OneDrive - Cornell University/Documents/rstudio/urban_regimes/paper_files/figure-latex/pointrange_7b982f711b78.pdf  used on input line 1226.
(pdftex.def)             Requested size: 48.42024pt x 12.2857pt.
File: C:/Users/tmf77/OneDrive - Cornell University/Documents/rstudio/urban_regimes/paper_files/figure-latex/pointrange_7b9864cf787f.pdf Graphic file (type pdf)
<use C:/Users/tmf77/OneDrive - Cornell University/Documents/rstudio/urban_regimes/paper_files/figure-latex/pointrange_7b9864cf787f.pdf>
Package pdftex.def Info: C:/Users/tmf77/OneDrive - Cornell University/Documents/rstudio/urban_regimes/paper_files/figure-latex/pointrange_7b9864cf787f.pdf  used on input line 1226.
(pdftex.def)             Requested size: 48.42024pt x 12.2857pt.
File: C:/Users/tmf77/OneDrive - Cornell University/Documents/rstudio/urban_regimes/paper_files/figure-latex/pointrange_7b9823467622.pdf Graphic file (type pdf)
<use C:/Users/tmf77/OneDrive - Cornell University/Documents/rstudio/urban_regimes/paper_files/figure-latex/pointrange_7b9823467622.pdf>
Package pdftex.def Info: C:/Users/tmf77/OneDrive - Cornell University/Documents/rstudio/urban_regimes/paper_files/figure-latex/pointrange_7b9823467622.pdf  used on input line 1226.
(pdftex.def)             Requested size: 48.42024pt x 12.2857pt.
File: C:/Users/tmf77/OneDrive - Cornell University/Documents/rstudio/urban_regimes/paper_files/figure-latex/pointrange_7b987c481082.pdf Graphic file (type pdf)
<use C:/Users/tmf77/OneDrive - Cornell University/Documents/rstudio/urban_regimes/paper_files/figure-latex/pointrange_7b987c481082.pdf>
Package pdftex.def Info: C:/Users/tmf77/OneDrive - Cornell University/Documents/rstudio/urban_regimes/paper_files/figure-latex/pointrange_7b987c481082.pdf  used on input line 1226.
(pdftex.def)             Requested size: 48.42024pt x 12.2857pt.
File: C:/Users/tmf77/OneDrive - Cornell University/Documents/rstudio/urban_regimes/paper_files/figure-latex/pointrange_7b9838bb3a4a.pdf Graphic file (type pdf)
<use C:/Users/tmf77/OneDrive - Cornell University/Documents/rstudio/urban_regimes/paper_files/figure-latex/pointrange_7b9838bb3a4a.pdf>
Package pdftex.def Info: C:/Users/tmf77/OneDrive - Cornell University/Documents/rstudio/urban_regimes/paper_files/figure-latex/pointrange_7b9838bb3a4a.pdf  used on input line 1226.
(pdftex.def)             Requested size: 48.42024pt x 12.2857pt.
File: C:/Users/tmf77/OneDrive - Cornell University/Documents/rstudio/urban_regimes/paper_files/figure-latex/pointrange_7b9852311167.pdf Graphic file (type pdf)
<use C:/Users/tmf77/OneDrive - Cornell University/Documents/rstudio/urban_regimes/paper_files/figure-latex/pointrange_7b9852311167.pdf>
Package pdftex.def Info: C:/Users/tmf77/OneDrive - Cornell University/Documents/rstudio/urban_regimes/paper_files/figure-latex/pointrange_7b9852311167.pdf  used on input line 1226.
(pdftex.def)             Requested size: 48.42024pt x 12.2857pt.
File: C:/Users/tmf77/OneDrive - Cornell University/Documents/rstudio/urban_regimes/paper_files/figure-latex/pointrange_7b983b204abd.pdf Graphic file (type pdf)
<use C:/Users/tmf77/OneDrive - Cornell University/Documents/rstudio/urban_regimes/paper_files/figure-latex/pointrange_7b983b204abd.pdf>
Package pdftex.def Info: C:/Users/tmf77/OneDrive - Cornell University/Documents/rstudio/urban_regimes/paper_files/figure-latex/pointrange_7b983b204abd.pdf  used on input line 1226.
(pdftex.def)             Requested size: 48.42024pt x 12.2857pt.
File: C:/Users/tmf77/OneDrive - Cornell University/Documents/rstudio/urban_regimes/paper_files/figure-latex/pointrange_7b9821b13434.pdf Graphic file (type pdf)
<use C:/Users/tmf77/OneDrive - Cornell University/Documents/rstudio/urban_regimes/paper_files/figure-latex/pointrange_7b9821b13434.pdf>
Package pdftex.def Info: C:/Users/tmf77/OneDrive - Cornell University/Documents/rstudio/urban_regimes/paper_files/figure-latex/pointrange_7b9821b13434.pdf  used on input line 1226.
(pdftex.def)             Requested size: 48.42024pt x 12.2857pt.
File: C:/Users/tmf77/OneDrive - Cornell University/Documents/rstudio/urban_regimes/paper_files/figure-latex/pointrange_7b986ea0523b.pdf Graphic file (type pdf)
<use C:/Users/tmf77/OneDrive - Cornell University/Documents/rstudio/urban_regimes/paper_files/figure-latex/pointrange_7b986ea0523b.pdf>
Package pdftex.def Info: C:/Users/tmf77/OneDrive - Cornell University/Documents/rstudio/urban_regimes/paper_files/figure-latex/pointrange_7b986ea0523b.pdf  used on input line 1226.
(pdftex.def)             Requested size: 48.42024pt x 12.2857pt.
File: C:/Users/tmf77/OneDrive - Cornell University/Documents/rstudio/urban_regimes/paper_files/figure-latex/pointrange_7b9874d376bc.pdf Graphic file (type pdf)
<use C:/Users/tmf77/OneDrive - Cornell University/Documents/rstudio/urban_regimes/paper_files/figure-latex/pointrange_7b9874d376bc.pdf>
Package pdftex.def Info: C:/Users/tmf77/OneDrive - Cornell University/Documents/rstudio/urban_regimes/paper_files/figure-latex/pointrange_7b9874d376bc.pdf  used on input line 1226.
(pdftex.def)             Requested size: 48.42024pt x 12.2857pt.
File: C:/Users/tmf77/OneDrive - Cornell University/Documents/rstudio/urban_regimes/paper_files/figure-latex/pointrange_7b984ee34106.pdf Graphic file (type pdf)
<use C:/Users/tmf77/OneDrive - Cornell University/Documents/rstudio/urban_regimes/paper_files/figure-latex/pointrange_7b984ee34106.pdf>
Package pdftex.def Info: C:/Users/tmf77/OneDrive - Cornell University/Documents/rstudio/urban_regimes/paper_files/figure-latex/pointrange_7b984ee34106.pdf  used on input line 1226.
(pdftex.def)             Requested size: 48.42024pt x 12.2857pt.
File: C:/Users/tmf77/OneDrive - Cornell University/Documents/rstudio/urban_regimes/paper_files/figure-latex/pointrange_7b9855306f46.pdf Graphic file (type pdf)
<use C:/Users/tmf77/OneDrive - Cornell University/Documents/rstudio/urban_regimes/paper_files/figure-latex/pointrange_7b9855306f46.pdf>
Package pdftex.def Info: C:/Users/tmf77/OneDrive - Cornell University/Documents/rstudio/urban_regimes/paper_files/figure-latex/pointrange_7b9855306f46.pdf  used on input line 1226.
(pdftex.def)             Requested size: 48.42024pt x 12.2857pt.
File: C:/Users/tmf77/OneDrive - Cornell University/Documents/rstudio/urban_regimes/paper_files/figure-latex/pointrange_7b986439a10.pdf Graphic file (type pdf)
<use C:/Users/tmf77/OneDrive - Cornell University/Documents/rstudio/urban_regimes/paper_files/figure-latex/pointrange_7b986439a10.pdf>
Package pdftex.def Info: C:/Users/tmf77/OneDrive - Cornell University/Documents/rstudio/urban_regimes/paper_files/figure-latex/pointrange_7b986439a10.pdf  used on input line 1226.
(pdftex.def)             Requested size: 48.42024pt x 12.2857pt.
File: C:/Users/tmf77/OneDrive - Cornell University/Documents/rstudio/urban_regimes/paper_files/figure-latex/pointrange_7b9820c64a1f.pdf Graphic file (type pdf)
<use C:/Users/tmf77/OneDrive - Cornell University/Documents/rstudio/urban_regimes/paper_files/figure-latex/pointrange_7b9820c64a1f.pdf>
Package pdftex.def Info: C:/Users/tmf77/OneDrive - Cornell University/Documents/rstudio/urban_regimes/paper_files/figure-latex/pointrange_7b9820c64a1f.pdf  used on input line 1226.
(pdftex.def)             Requested size: 48.42024pt x 12.2857pt.
File: C:/Users/tmf77/OneDrive - Cornell University/Documents/rstudio/urban_regimes/paper_files/figure-latex/pointrange_7b989467696.pdf Graphic file (type pdf)
<use C:/Users/tmf77/OneDrive - Cornell University/Documents/rstudio/urban_regimes/paper_files/figure-latex/pointrange_7b989467696.pdf>
Package pdftex.def Info: C:/Users/tmf77/OneDrive - Cornell University/Documents/rstudio/urban_regimes/paper_files/figure-latex/pointrange_7b989467696.pdf  used on input line 1226.
(pdftex.def)             Requested size: 48.42024pt x 12.2857pt.

Overfull \hbox (4.77982pt too wide) in paragraph at lines 1226--1226
[]\T1/lmr/bx/n/9 +0.14***|  
 []

File: C:/Users/tmf77/OneDrive - Cornell University/Documents/rstudio/urban_regimes/paper_files/figure-latex/pointrange_7b98ae6170f.pdf Graphic file (type pdf)
<use C:/Users/tmf77/OneDrive - Cornell University/Documents/rstudio/urban_regimes/paper_files/figure-latex/pointrange_7b98ae6170f.pdf>
Package pdftex.def Info: C:/Users/tmf77/OneDrive - Cornell University/Documents/rstudio/urban_regimes/paper_files/figure-latex/pointrange_7b98ae6170f.pdf  used on input line 1226.
(pdftex.def)             Requested size: 48.42024pt x 12.2857pt.
File: C:/Users/tmf77/OneDrive - Cornell University/Documents/rstudio/urban_regimes/paper_files/figure-latex/pointrange_7b98430a1973.pdf Graphic file (type pdf)
<use C:/Users/tmf77/OneDrive - Cornell University/Documents/rstudio/urban_regimes/paper_files/figure-latex/pointrange_7b98430a1973.pdf>
Package pdftex.def Info: C:/Users/tmf77/OneDrive - Cornell University/Documents/rstudio/urban_regimes/paper_files/figure-latex/pointrange_7b98430a1973.pdf  used on input line 1226.
(pdftex.def)             Requested size: 48.42024pt x 12.2857pt.
File: C:/Users/tmf77/OneDrive - Cornell University/Documents/rstudio/urban_regimes/paper_files/figure-latex/pointrange_7b98484521e5.pdf Graphic file (type pdf)
<use C:/Users/tmf77/OneDrive - Cornell University/Documents/rstudio/urban_regimes/paper_files/figure-latex/pointrange_7b98484521e5.pdf>
Package pdftex.def Info: C:/Users/tmf77/OneDrive - Cornell University/Documents/rstudio/urban_regimes/paper_files/figure-latex/pointrange_7b98484521e5.pdf  used on input line 1226.
(pdftex.def)             Requested size: 48.42024pt x 12.2857pt.
File: C:/Users/tmf77/OneDrive - Cornell University/Documents/rstudio/urban_regimes/paper_files/figure-latex/pointrange_7b987e15dd4.pdf Graphic file (type pdf)
<use C:/Users/tmf77/OneDrive - Cornell University/Documents/rstudio/urban_regimes/paper_files/figure-latex/pointrange_7b987e15dd4.pdf>
Package pdftex.def Info: C:/Users/tmf77/OneDrive - Cornell University/Documents/rstudio/urban_regimes/paper_files/figure-latex/pointrange_7b987e15dd4.pdf  used on input line 1226.
(pdftex.def)             Requested size: 48.42024pt x 12.2857pt.
File: C:/Users/tmf77/OneDrive - Cornell University/Documents/rstudio/urban_regimes/paper_files/figure-latex/pointrange_7b9822cfcd4.pdf Graphic file (type pdf)
<use C:/Users/tmf77/OneDrive - Cornell University/Documents/rstudio/urban_regimes/paper_files/figure-latex/pointrange_7b9822cfcd4.pdf>
Package pdftex.def Info: C:/Users/tmf77/OneDrive - Cornell University/Documents/rstudio/urban_regimes/paper_files/figure-latex/pointrange_7b9822cfcd4.pdf  used on input line 1226.
(pdftex.def)             Requested size: 48.42024pt x 12.2857pt.
File: C:/Users/tmf77/OneDrive - Cornell University/Documents/rstudio/urban_regimes/paper_files/figure-latex/pointrange_7b985d04401a.pdf Graphic file (type pdf)
<use C:/Users/tmf77/OneDrive - Cornell University/Documents/rstudio/urban_regimes/paper_files/figure-latex/pointrange_7b985d04401a.pdf>
Package pdftex.def Info: C:/Users/tmf77/OneDrive - Cornell University/Documents/rstudio/urban_regimes/paper_files/figure-latex/pointrange_7b985d04401a.pdf  used on input line 1226.
(pdftex.def)             Requested size: 48.42024pt x 12.2857pt.

Overfull \hbox (4.77982pt too wide) in paragraph at lines 1226--1226
[]\T1/lmr/bx/n/9 +0.12***|  
 []

File: C:/Users/tmf77/OneDrive - Cornell University/Documents/rstudio/urban_regimes/paper_files/figure-latex/pointrange_7b987fdfe87.pdf Graphic file (type pdf)
<use C:/Users/tmf77/OneDrive - Cornell University/Documents/rstudio/urban_regimes/paper_files/figure-latex/pointrange_7b987fdfe87.pdf>
Package pdftex.def Info: C:/Users/tmf77/OneDrive - Cornell University/Documents/rstudio/urban_regimes/paper_files/figure-latex/pointrange_7b987fdfe87.pdf  used on input line 1226.
(pdftex.def)             Requested size: 48.42024pt x 12.2857pt.
File: C:/Users/tmf77/OneDrive - Cornell University/Documents/rstudio/urban_regimes/paper_files/figure-latex/pointrange_7b981516e71.pdf Graphic file (type pdf)
<use C:/Users/tmf77/OneDrive - Cornell University/Documents/rstudio/urban_regimes/paper_files/figure-latex/pointrange_7b981516e71.pdf>
Package pdftex.def Info: C:/Users/tmf77/OneDrive - Cornell University/Documents/rstudio/urban_regimes/paper_files/figure-latex/pointrange_7b981516e71.pdf  used on input line 1226.
(pdftex.def)             Requested size: 48.42024pt x 12.2857pt.
File: C:/Users/tmf77/OneDrive - Cornell University/Documents/rstudio/urban_regimes/paper_files/figure-latex/pointrange_7b98477f5813.pdf Graphic file (type pdf)
<use C:/Users/tmf77/OneDrive - Cornell University/Documents/rstudio/urban_regimes/paper_files/figure-latex/pointrange_7b98477f5813.pdf>
Package pdftex.def Info: C:/Users/tmf77/OneDrive - Cornell University/Documents/rstudio/urban_regimes/paper_files/figure-latex/pointrange_7b98477f5813.pdf  used on input line 1226.
(pdftex.def)             Requested size: 48.42024pt x 12.2857pt.

Overfull \hbox (53.33554pt too wide) in alignment at lines 1226--1226
 [] [] [] [] [] [] [] [] [] [] 
 []

[23 <c:/Users/tmf77/OneDrive - Cornell University/Documents/rstudio/urban_regimes/paper_files/figure-latex/pointrange_7b981f7b4050.pdf> <c:/Users/tmf77/OneDrive - Cornell University/Documents/rstudio/urban_regimes/paper_files/figure-latex/pointrange_7b9838b130df.pdf> <c:/Users/tmf77/OneDrive - Cornell University/Documents/rstudio/urban_regimes/paper_files/figure-latex/pointrange_7b984175769c.pdf> <c:/Users/tmf77/OneDrive - Cornell University/Documents/rstudio/urban_regimes/paper_files/figure-latex/pointrange_7b983a0b1aa7.pdf> <c:/Users/tmf77/OneDrive - Cornell University/Documents/rstudio/urban_regimes/paper_files/figure-latex/pointrange_7b9824fc64e4.pdf> <c:/Users/tmf77/OneDrive - Cornell University/Documents/rstudio/urban_regimes/paper_files/figure-latex/pointrange_7b9825103ad0.pdf> <c:/Users/tmf77/OneDrive - Cornell University/Documents/rstudio/urban_regimes/paper_files/figure-latex/pointrange_7b98457ab20.pdf> <c:/Users/tmf77/OneDrive - Cornell University/Documents/rstudio/urban_regimes/paper_files/figure-latex/pointrange_7b98b2e50fa.pdf> <c:/Users/tmf77/OneDrive - Cornell University/Documents/rstudio/urban_regimes/paper_files/figure-latex/pointrange_7b9841c4df2.pdf> <c:/Users/tmf77/OneDrive - Cornell University/Documents/rstudio/urban_regimes/paper_files/figure-latex/pointrange_7b9852bf1343.pdf> <c:/Users/tmf77/OneDrive - Cornell University/Documents/rstudio/urban_regimes/paper_files/figure-latex/pointrange_7b98de2511b.pdf> <c:/Users/tmf77/OneDrive - Cornell University/Documents/rstudio/urban_regimes/paper_files/figure-latex/pointrange_7b984da555d7.pdf> <c:/Users/tmf77/OneDrive - Cornell University/Documents/rstudio/urban_regimes/paper_files/figure-latex/pointrange_7b98a711663.pdf> <c:/Users/tmf77/OneDrive - Cornell University/Documents/rstudio/urban_regimes/paper_files/figure-latex/pointrange_7b982e537b64.pdf> <c:/Users/tmf77/OneDrive - Cornell University/Documents/rstudio/urban_regimes/paper_files/figure-latex/pointrange_7b9876ab1a07.pdf> <c:/Users/tmf77/OneDrive - Cornell University/Documents/rstudio/urban_regimes/paper_files/figure-latex/pointrange_7b9842372d24.pdf> <c:/Users/tmf77/OneDrive - Cornell University/Documents/rstudio/urban_regimes/paper_files/figure-latex/pointrange_7b9853174dd3.pdf> <c:/Users/tmf77/OneDrive - Cornell University/Documents/rstudio/urban_regimes/paper_files/figure-latex/pointrange_7b98ea84fc0.pdf> <c:/Users/tmf77/OneDrive - Cornell University/Documents/rstudio/urban_regimes/paper_files/figure-latex/pointrange_7b9867f523b.pdf> <c:/Users/tmf77/OneDrive - Cornell University/Documents/rstudio/urban_regimes/paper_files/figure-latex/pointrange_7b98270a694f.pdf> <c:/Users/tmf77/OneDrive - Cornell University/Documents/rstudio/urban_regimes/paper_files/figure-latex/pointrange_7b98337d273e.pdf> <c:/Users/tmf77/OneDrive - Cornell University/Documents/rstudio/urban_regimes/paper_files/figure-latex/pointrange_7b986c734c75.pdf> <c:/Users/tmf77/OneDrive - Cornell University/Documents/rstudio/urban_regimes/paper_files/figure-latex/pointrange_7b9864887de8.pdf> <c:/Users/tmf77/OneDrive - Cornell University/Documents/rstudio/urban_regimes/paper_files/figure-latex/pointrange_7b98478e3e3a.pdf> <c:/Users/tmf77/OneDrive - Cornell University/Documents/rstudio/urban_regimes/paper_files/figure-latex/pointrange_7b98402879fb.pdf> <c:/Users/tmf77/OneDrive - Cornell University/Documents/rstudio/urban_regimes/paper_files/figure-latex/pointrange_7b9860df4c61.pdf> <c:/Users/tmf77/OneDrive - Cornell University/Documents/rstudio/urban_regimes/paper_files/figure-latex/pointrange_7b984e735bb1.pdf> <c:/Users/tmf77/OneDrive - Cornell University/Documents/rstudio/urban_regimes/paper_files/figure-latex/pointrange_7b98631960d4.pdf> <c:/Users/tmf77/OneDrive - Cornell University/Documents/rstudio/urban_regimes/paper_files/figure-latex/pointrange_7b986c0360eb.pdf> <c:/Users/tmf77/OneDrive - Cornell University/Documents/rstudio/urban_regimes/paper_files/figure-latex/pointrange_7b981f118e6.pdf> <c:/Users/tmf77/OneDrive - Cornell University/Documents/rstudio/urban_regimes/paper_files/figure-latex/pointrange_7b986ed528ab.pdf> <c:/Users/tmf77/OneDrive - Cornell University/Documents/rstudio/urban_regimes/paper_files/figure-latex/pointrange_7b9858846b34.pdf> <c:/Users/tmf77/OneDrive - Cornell University/Documents/rstudio/urban_regimes/paper_files/figure-latex/pointrange_7b9833281baa.pdf> <c:/Users/tmf77/OneDrive - Cornell University/Documents/rstudio/urban_regimes/paper_files/figure-latex/pointrange_7b986ff461d3.pdf> <c:/Users/tmf77/OneDrive - Cornell University/Documents/rstudio/urban_regimes/paper_files/figure-latex/pointrange_7b983fbe57a0.pdf> <c:/Users/tmf77/OneDrive - Cornell University/Documents/rstudio/urban_regimes/paper_files/figure-latex/pointrange_7b984c0d45db.pdf> <c:/Users/tmf77/OneDrive - Cornell University/Documents/rstudio/urban_regimes/paper_files/figure-latex/pointrange_7b984d4f3d88.pdf> <c:/Users/tmf77/OneDrive - Cornell University/Documents/rstudio/urban_regimes/paper_files/figure-latex/pointrange_7b985650dd6.pdf> <c:/Users/tmf77/OneDrive - Cornell University/Documents/rstudio/urban_regimes/paper_files/figure-latex/pointrange_7b9851b7e2b.pdf> <c:/Users/tmf77/OneDrive - Cornell University/Documents/rstudio/urban_regimes/paper_files/figure-latex/pointrange_7b982f711b78.pdf> <c:/Users/tmf77/OneDrive - Cornell University/Documents/rstudio/urban_regimes/paper_files/figure-latex/pointrange_7b9864cf787f.pdf> <c:/Users/tmf77/OneDrive - Cornell University/Documents/rstudio/urban_regimes/paper_files/figure-latex/pointrange_7b9823467622.pdf> <c:/Users/tmf77/OneDrive - Cornell University/Documents/rstudio/urban_regimes/paper_files/figure-latex/pointrange_7b987c481082.pdf> <c:/Users/tmf77/OneDrive - Cornell University/Documents/rstudio/urban_regimes/paper_files/figure-latex/pointrange_7b9838bb3a4a.pdf> <c:/Users/tmf77/OneDrive - Cornell University/Documents/rstudio/urban_regimes/paper_files/figure-latex/pointrange_7b9852311167.pdf> <c:/Users/tmf77/OneDrive - Cornell University/Documents/rstudio/urban_regimes/paper_files/figure-latex/pointrange_7b983b204abd.pdf> <c:/Users/tmf77/OneDrive - Cornell University/Documents/rstudio/urban_regimes/paper_files/figure-latex/pointrange_7b9821b13434.pdf> <c:/Users/tmf77/OneDrive - Cornell University/Documents/rstudio/urban_regimes/paper_files/figure-latex/pointrange_7b986ea0523b.pdf> <c:/Users/tmf77/OneDrive - Cornell University/Documents/rstudio/urban_regimes/paper_files/figure-latex/pointrange_7b9874d376bc.pdf> <c:/Users/tmf77/OneDrive - Cornell University/Documents/rstudio/urban_regimes/paper_files/figure-latex/pointrange_7b984ee34106.pdf> <c:/Users/tmf77/OneDrive - Cornell University/Documents/rstudio/urban_regimes/paper_files/figure-latex/pointrange_7b9855306f46.pdf> <c:/Users/tmf77/OneDrive - Cornell University/Documents/rstudio/urban_regimes/paper_files/figure-latex/pointrange_7b986439a10.pdf> <c:/Users/tmf77/OneDrive - Cornell University/Documents/rstudio/urban_regimes/paper_files/figure-latex/pointrange_7b9820c64a1f.pdf> <c:/Users/tmf77/OneDrive - Cornell University/Documents/rstudio/urban_regimes/paper_files/figure-latex/pointrange_7b989467696.pdf> <c:/Users/tmf77/OneDrive - Cornell University/Documents/rstudio/urban_regimes/paper_files/figure-latex/pointrange_7b98ae6170f.pdf> <c:/Users/tmf77/OneDrive - Cornell University/Documents/rstudio/urban_regimes/paper_files/figure-latex/pointrange_7b98430a1973.pdf> <c:/Users/tmf77/OneDrive - Cornell University/Documents/rstudio/urban_regimes/paper_files/figure-latex/pointrange_7b98484521e5.pdf> <c:/Users/tmf77/OneDrive - Cornell University/Documents/rstudio/urban_regimes/paper_files/figure-latex/pointrange_7b987e15dd4.pdf> <c:/Users/tmf77/OneDrive - Cornell University/Documents/rstudio/urban_regimes/paper_files/figure-latex/pointrange_7b9822cfcd4.pdf> <c:/Users/tmf77/OneDrive - Cornell University/Documents/rstudio/urban_regimes/paper_files/figure-latex/pointrange_7b985d04401a.pdf> <c:/Users/tmf77/OneDrive - Cornell University/Documents/rstudio/urban_regimes/paper_files/figure-latex/pointrange_7b987fdfe87.pdf> <c:/Users/tmf77/OneDrive - Cornell University/Documents/rstudio/urban_regimes/paper_files/figure-latex/pointrange_7b981516e71.pdf> <c:/Users/tmf77/OneDrive - Cornell University/Documents/rstudio/urban_regimes/paper_files/figure-latex/pointrange_7b98477f5813.pdf>]
Overfull \hbox (8.45193pt too wide) in paragraph at lines 1358--1358
[]\T1/lmr/m/n/9 Municipality|  
 []


Overfull \hbox (6.1081pt too wide) in paragraph at lines 1358--1358
 []\T1/lmr/m/n/9 SW|
 []


Overfull \hbox (6.62256pt too wide) in paragraph at lines 1358--1358
 []\T1/lmr/m/n/9 MC|
 []


Overfull \hbox (6.1081pt too wide) in paragraph at lines 1358--1358
 []\T1/lmr/m/n/9 SW|
 []


Overfull \hbox (6.62256pt too wide) in paragraph at lines 1358--1358
 []\T1/lmr/m/n/9 MC|
 []


Overfull \hbox (0.7141pt too wide) in paragraph at lines 1358--1358
 []\T1/lmr/m/n/9 25|
 []


Overfull \hbox (0.7141pt too wide) in paragraph at lines 1358--1358
 []\T1/lmr/m/n/9 26|
 []


Overfull \hbox (0.7141pt too wide) in paragraph at lines 1358--1358
 []\T1/lmr/m/n/9 51|
 []


Overfull \hbox (0.7141pt too wide) in paragraph at lines 1358--1358
 []\T1/lmr/m/n/9 10|
 []


Overfull \hbox (1.4377pt too wide) in paragraph at lines 1358--1358
[]\T1/lmr/m/n/9 Fukushima|  
 []


Overfull \hbox (1.4377pt too wide) in paragraph at lines 1358--1358
[]\T1/lmr/m/n/9 Fukushima|  
 []


Overfull \hbox (0.7141pt too wide) in paragraph at lines 1358--1358
 []\T1/lmr/m/n/9 27|
 []


Overfull \hbox (0.7141pt too wide) in paragraph at lines 1358--1358
 []\T1/lmr/m/n/9 53|
 []


Overfull \hbox (0.7141pt too wide) in paragraph at lines 1358--1358
 []\T1/lmr/m/n/9 44|
 []


Overfull \hbox (0.7141pt too wide) in paragraph at lines 1358--1358
 []\T1/lmr/m/n/9 36|
 []


Overfull \hbox (0.7141pt too wide) in paragraph at lines 1358--1358
 []\T1/lmr/m/n/9 35|
 []


Overfull \hbox (1.56552pt too wide) in paragraph at lines 1358--1358
[]\T1/lmr/m/n/9 Ishinomaki|  
 []


Overfull \hbox (0.7141pt too wide) in paragraph at lines 1358--1358
 []\T1/lmr/m/n/9 53|
 []


Overfull \hbox (0.7141pt too wide) in paragraph at lines 1358--1358
 []\T1/lmr/m/n/9 22|
 []


Overfull \hbox (0.7141pt too wide) in paragraph at lines 1358--1358
 []\T1/lmr/m/n/9 85|
 []


Overfull \hbox (0.7141pt too wide) in paragraph at lines 1358--1358
 []\T1/lmr/m/n/9 81|
 []


Overfull \hbox (0.7141pt too wide) in paragraph at lines 1358--1358
 []\T1/lmr/m/n/9 87|
 []


Overfull \hbox (0.7141pt too wide) in paragraph at lines 1358--1358
 []\T1/lmr/m/n/9 42|
 []


Overfull \hbox (0.7141pt too wide) in paragraph at lines 1358--1358
 []\T1/lmr/m/n/9 74|
 []


Overfull \hbox (0.7141pt too wide) in paragraph at lines 1358--1358
 []\T1/lmr/m/n/9 65|
 []


Overfull \hbox (0.7141pt too wide) in paragraph at lines 1358--1358
 []\T1/lmr/m/n/9 68|
 []


Overfull \hbox (0.7141pt too wide) in paragraph at lines 1358--1358
 []\T1/lmr/m/n/9 49|
 []


Overfull \hbox (0.7141pt too wide) in paragraph at lines 1358--1358
 []\T1/lmr/m/n/9 11|
 []


Overfull \hbox (0.7141pt too wide) in paragraph at lines 1358--1358
 []\T1/lmr/m/n/9 54|
 []


Overfull \hbox (0.7141pt too wide) in paragraph at lines 1358--1358
 []\T1/lmr/m/n/9 46|
 []


Overfull \hbox (0.7141pt too wide) in paragraph at lines 1358--1358
 []\T1/lmr/m/n/9 37|
 []


Overfull \hbox (0.7141pt too wide) in paragraph at lines 1358--1358
 []\T1/lmr/m/n/9 70|
 []


Overfull \hbox (0.7141pt too wide) in paragraph at lines 1358--1358
 []\T1/lmr/m/n/9 64|
 []


Overfull \hbox (0.7141pt too wide) in paragraph at lines 1358--1358
 []\T1/lmr/m/n/9 38|
 []

[24] [25]
<viz/distribution.png, id=1209, 433.62pt x 216.81pt>
File: viz/distribution.png Graphic file (type png)
<use viz/distribution.png>
Package pdftex.def Info: viz/distribution.png  used on input line 1411.
(pdftex.def)             Requested size: 468.0pt x 234.01236pt.
[26 <./viz/distribution.png (PNG copy)>] [27] [28


]
Overfull \hbox (14.07188pt too wide) in paragraph at lines 1520--1520
[]\T1/lmr/m/n/10 Transformed$[]$|  
 []


Overfull \hbox (25.30545pt too wide) in alignment at lines 1520--1520
 [] [] [] [] [] [] [] [] [] 
 []

[29

] [30] [31] [32

]
Overfull \hbox (14.07188pt too wide) in paragraph at lines 1619--1619
[]\T1/lmr/m/n/10 Transformed$[]$|  
 []


Overfull \hbox (25.30545pt too wide) in alignment at lines 1619--1619
 [] [] [] [] [] [] [] [] [] 
 []

[33

] [34] [35]
Overfull \hbox (14.07188pt too wide) in paragraph at lines 1720--1720
[]\T1/lmr/m/n/10 Transformed$[]$|  
 []


Overfull \hbox (25.30545pt too wide) in alignment at lines 1720--1720
 [] [] [] [] [] [] [] [] [] 
 []

[36


] [37] [38] (./paper.bbl [39

] [40] [41] [42])

Package natbib Warning: There were undefined citations.

[43] (./paper.aux)

LaTeX Warning: There were multiply-defined labels.

Package rerunfilecheck Info: File `paper.out' has not changed.
(rerunfilecheck)             Checksum: B0F6CEFBE0E3E20CE7F35E90DA470E39;6437.
 ) 
Here is how much of TeX's memory you used:
 16619 strings out of 477984
 322160 string characters out of 5837250
 1930382 words of memory out of 5000000
 36151 multiletter control sequences out of 15000+600000
 590886 words of font info for 83 fonts, out of 8000000 for 9000
 14 hyphenation exceptions out of 8191
 75i,15n,76p,1096b,871s stack positions out of 10000i,1000n,20000p,200000b,200000s

pdfTeX warning (dest): name{Hfootnote.4} has been referenced but does not exist, replaced by a fixed one


pdfTeX warning (dest): name{Hfootnote.3} has been referenced but does not exist, replaced by a fixed one


pdfTeX warning (dest): name{Hfootnote.2} has been referenced but does not exist, replaced by a fixed one


pdfTeX warning (dest): name{Hfootnote.1} has been referenced but does not exist, replaced by a fixed one

{c:/Users/tmf77/AppData/Roaming/TinyTeX/texmf-dist/fonts/enc/dvips/lm/lm-rm.enc}{c:/Users/tmf77/AppData/Roaming/TinyTeX/texmf-dist/fonts/enc/dvips/lm/lm-ec.enc}{c:/Users/tmf77/AppData/Roaming/TinyTeX/texmf-dist/fonts/enc/dvips/lm/lm-ts1.enc}{c:/Users/tmf77/AppData/Roaming/TinyTeX/texmf-dist/fonts/enc/dvips/lm/lm-mathsy.enc}<c:/Users/tmf77/AppData/Roaming/TinyTeX/texmf-dist/fonts/type1/public/lm/lmbx10.pfb><c:/Users/tmf77/AppData/Roaming/TinyTeX/texmf-dist/fonts/type1/public/lm/lmbx12.pfb><c:/Users/tmf77/AppData/Roaming/TinyTeX/texmf-dist/fonts/type1/public/lm/lmbx9.pfb><c:/Users/tmf77/AppData/Roaming/TinyTeX/texmf-dist/fonts/type1/public/lm/lmr10.pfb><c:/Users/tmf77/AppData/Roaming/TinyTeX/texmf-dist/fonts/type1/public/lm/lmr12.pfb><c:/Users/tmf77/AppData/Roaming/TinyTeX/texmf-dist/fonts/type1/public/lm/lmr6.pfb><c:/Users/tmf77/AppData/Roaming/TinyTeX/texmf-dist/fonts/type1/public/lm/lmr7.pfb><c:/Users/tmf77/AppData/Roaming/TinyTeX/texmf-dist/fonts/type1/public/lm/lmr8.pfb><c:/Users/tmf77/AppData/Roaming/TinyTeX/texmf-dist/fonts/type1/public/lm/lmr9.pfb><c:/Users/tmf77/AppData/Roaming/TinyTeX/texmf-dist/fonts/type1/public/lm/lmri10.pfb><c:/Users/tmf77/AppData/Roaming/TinyTeX/texmf-dist/fonts/type1/public/lm/lmri7.pfb><c:/Users/tmf77/AppData/Roaming/TinyTeX/texmf-dist/fonts/type1/public/lm/lmri8.pfb><c:/Users/tmf77/AppData/Roaming/TinyTeX/texmf-dist/fonts/type1/public/lm/lmri9.pfb><c:/Users/tmf77/AppData/Roaming/TinyTeX/texmf-dist/fonts/type1/public/lm/lmss8.pfb><c:/Users/tmf77/AppData/Roaming/TinyTeX/texmf-dist/fonts/type1/public/lm/lmsy6.pfb><c:/Users/tmf77/AppData/Roaming/TinyTeX/texmf-dist/fonts/type1/public/lm/lmsy7.pfb><c:/Users/tmf77/AppData/Roaming/TinyTeX/texmf-dist/fonts/type1/public/lm/lmtt8.pfb>
Output written on paper.pdf (43 pages, 4720774 bytes).
PDF statistics:
 1473 PDF objects out of 1728 (max. 8388607)
 1239 compressed objects within 13 object streams
 283 named destinations out of 1000 (max. 500000)
 616 words of extra memory for PDF output out of 10000 (max. 10000000)

