\BOOKMARK [1][-]{section*.1}{\376\377\0001\000.\000\040\000I\000n\000t\000r\000o\000d\000u\000c\000t\000i\000o\000n}{}% 1
\BOOKMARK [1][-]{section*.2}{\376\377\0002\000.\000\040\000L\000i\000t\000e\000r\000a\000t\000u\000r\000e\000\040\000R\000e\000v\000i\000e\000w}{}% 2
\BOOKMARK [2][-]{section*.3}{\376\377\0002\000.\0001\000\040\000U\000r\000b\000a\000n\000\040\000R\000e\000g\000i\000m\000e\000\040\000T\000h\000e\000o\000r\000y}{section*.2}% 3
\BOOKMARK [2][-]{section*.4}{\376\377\0002\000.\0002\000\040\000R\000e\000d\000i\000s\000t\000r\000i\000b\000u\000t\000i\000v\000e\000\040\000P\000o\000l\000i\000t\000i\000c\000s}{section*.2}% 4
\BOOKMARK [2][-]{section*.5}{\376\377\0002\000.\0003\000\040\000T\000y\000p\000e\000s\000\040\000o\000f\000\040\000U\000r\000b\000a\000n\000\040\000R\000e\000g\000i\000m\000e\000s}{section*.2}% 5
\BOOKMARK [2][-]{section*.7}{\376\377\0002\000.\0004\000\040\000C\000o\000r\000r\000e\000l\000a\000t\000e\000s\000\040\000o\000f\000\040\000U\000r\000b\000a\000n\000\040\000R\000e\000g\000i\000m\000e\000s}{section*.2}% 6
\BOOKMARK [3][-]{section*.8}{\376\377\0002\000.\0004\000.\0001\000\040\000D\000e\000m\000o\000g\000r\000a\000p\000h\000i\000c\000\040\000a\000n\000d\000\040\000F\000i\000n\000a\000n\000c\000i\000a\000l\000\040\000C\000o\000r\000r\000e\000l\000a\000t\000e\000s\000\040\000o\000f\000\040\000U\000r\000b\000a\000n\000\040\000R\000e\000g\000i\000m\000e\000s}{section*.7}% 7
\BOOKMARK [3][-]{section*.9}{\376\377\0002\000.\0004\000.\0002\000\040\000P\000a\000r\000t\000i\000s\000a\000n\000s\000h\000i\000p\000\040\000a\000n\000d\000\040\000U\000r\000b\000a\000n\000\040\000R\000e\000g\000i\000m\000e\000s}{section*.7}% 8
\BOOKMARK [3][-]{section*.10}{\376\377\0002\000.\0004\000.\0003\000\040\000S\000o\000c\000i\000a\000l\000\040\000C\000a\000p\000i\000t\000a\000l\000\040\000a\000n\000d\000\040\000U\000r\000b\000a\000n\000\040\000R\000e\000g\000i\000m\000e\000s}{section*.7}% 9
\BOOKMARK [2][-]{section*.14}{\376\377\0002\000.\0005\000\040\000T\000i\000m\000i\000n\000g\000\040\000a\000n\000d\000\040\000P\000a\000t\000h\000\040\000D\000e\000p\000e\000n\000d\000e\000n\000c\000e}{section*.2}% 10
\BOOKMARK [2][-]{section*.15}{\376\377\0002\000.\0006\000\040\000H\000y\000p\000o\000t\000h\000e\000s\000e\000s}{section*.2}% 11
\BOOKMARK [1][-]{section*.16}{\376\377\0003\000.\000\040\000D\000a\000t\000a}{}% 12
\BOOKMARK [2][-]{section*.17}{\376\377\0003\000.\0001\000\040\000W\000h\000y\000\040\000J\000a\000p\000a\000n\000?}{section*.16}% 13
\BOOKMARK [2][-]{section*.18}{\376\377\0003\000.\0002\000\040\000U\000n\000i\000t\000\040\000o\000f\000\040\000O\000b\000s\000e\000r\000v\000a\000t\000i\000o\000n}{section*.16}% 14
\BOOKMARK [2][-]{section*.19}{\376\377\0003\000.\0003\000\040\000U\000r\000b\000a\000n\000\040\000R\000e\000g\000i\000m\000e\000\040\000I\000n\000d\000i\000c\000e\000s}{section*.16}% 15
\BOOKMARK [3][-]{section*.20}{\376\377\0003\000.\0003\000.\0001\000\040\000I\000n\000d\000i\000c\000a\000t\000o\000r\000s}{section*.19}% 16
\BOOKMARK [3][-]{section*.21}{\376\377\0003\000.\0003\000.\0002\000\040\000C\000l\000a\000s\000s\000i\000f\000y\000i\000n\000g\000\040\000C\000i\000t\000i\000e\000s\000\040\000b\000y\000\040\000R\000e\000g\000i\000m\000e\000\040\000T\000y\000p\000e}{section*.19}% 17
\BOOKMARK [2][-]{section*.22}{\376\377\0003\000.\0004\000\040\000C\000h\000a\000n\000g\000e\000\040\000o\000v\000e\000r\000\040\000T\000i\000m\000e}{section*.16}% 18
\BOOKMARK [1][-]{section*.26}{\376\377\0004\000.\000\040\000M\000e\000t\000h\000o\000d\000s}{}% 19
\BOOKMARK [2][-]{section*.27}{\376\377\0004\000.\0001\000\040\000B\000a\000s\000i\000c\000\040\000C\000o\000v\000a\000r\000i\000a\000t\000e\000s}{section*.26}% 20
\BOOKMARK [2][-]{section*.28}{\376\377\0004\000.\0002\000\040\000R\000o\000b\000u\000s\000t\000n\000e\000s\000s\000\040\000C\000h\000e\000c\000k\000s}{section*.26}% 21
\BOOKMARK [2][-]{section*.29}{\376\377\0004\000.\0003\000\040\000H\000y\000p\000o\000t\000h\000e\000s\000i\000s\000\040\000T\000e\000s\000t\000i\000n\000g}{section*.26}% 22
\BOOKMARK [1][-]{section*.30}{\376\377\0005\000.\000\040\000R\000e\000s\000u\000l\000t\000s}{}% 23
\BOOKMARK [2][-]{section*.31}{\376\377\0005\000.\0001\000\040\000T\000e\000s\000t\000i\000n\000g\000\040\000T\000e\000m\000p\000o\000r\000a\000l\000\040\000E\000f\000f\000e\000c\000t\000s}{section*.30}% 24
\BOOKMARK [1][-]{section*.32}{\376\377\0006\000.\000\040\000D\000i\000s\000c\000u\000s\000s\000i\000o\000n}{}% 25
\BOOKMARK [2][-]{section*.33}{\376\377\0006\000.\0001\000\040\000C\000o\000n\000t\000r\000i\000b\000u\000t\000i\000o\000n\000s\000\040\000t\000o\000\040\000t\000h\000e\000\040\000L\000i\000t\000e\000r\000a\000t\000u\000r\000e}{section*.32}% 26
\BOOKMARK [3][-]{section*.34}{\376\377\0006\000.\0001\000.\0001\000\040\000E\000v\000a\000l\000u\000a\000t\000i\000n\000g\000\040\000U\000r\000b\000a\000n\000\040\000R\000e\000g\000i\000m\000e\000\040\000C\000h\000a\000n\000g\000e\000\040\000i\000n\000\040\000J\000a\000p\000a\000n}{section*.33}% 27
\BOOKMARK [3][-]{section*.35}{\376\377\0006\000.\0001\000.\0002\000\040\000I\000n\000t\000e\000g\000r\000a\000t\000e\000d\000\040\000A\000n\000a\000l\000y\000s\000i\000s\000\040\000o\000f\000\040\000U\000r\000b\000a\000n\000\040\000R\000e\000g\000i\000m\000e\000s\000\040\000a\000n\000d\000\040\000S\000o\000c\000i\000a\000l\000\040\000C\000a\000p\000i\000t\000a\000l}{section*.33}% 28
\BOOKMARK [3][-]{section*.36}{\376\377\0006\000.\0001\000.\0003\000\040\000A\000\040\000T\000e\000m\000p\000l\000a\000t\000e\000\040\000f\000o\000r\000\040\000L\000a\000r\000g\000e\000-\000N\000\040\000U\000r\000b\000a\000n\000\040\000R\000e\000g\000i\000m\000e\000\040\000A\000n\000a\000l\000y\000s\000i\000s}{section*.33}% 29
\BOOKMARK [3][-]{section*.37}{\376\377\0006\000.\0001\000.\0004\000\040\000A\000\040\000D\000i\000a\000g\000n\000o\000s\000t\000i\000c\000\040\000R\000e\000s\000o\000u\000r\000c\000e\000\040\000f\000o\000r\000\040\000U\000p\000d\000a\000t\000i\000n\000g\000\040\000C\000a\000s\000e\000\040\000S\000t\000u\000d\000i\000e\000s}{section*.33}% 30
\BOOKMARK [2][-]{section*.38}{\376\377\0006\000.\0002\000\040\000L\000i\000m\000i\000t\000a\000t\000i\000o\000n\000s}{section*.32}% 31
\BOOKMARK [1][-]{section*.39}{\376\377\000A\000p\000p\000e\000n\000d\000i\000x}{}% 32
